c MaxHS 4.0.0
c Instance: ../../experiments/MWCB-data/instances/orig/power_1000_24_3.csv
c Parameter Settings
c ============================================
c  A: General MaxHS Options
c   abstract-cores2greedy = false, fbeq = false, printOptions = true, printBstSoln = false,
c   printSoln = false, printSoln-new-format = true, version = false, tolerance = 1e-06,
c   coretype = 0, cpu-lim = 2147483647, mem-lim = 2147483647, sverb = 0,
c   verb = 1,
c 
c  B: MaxHS with abstractions Options
c   abstract = true, 1st-abstract-gap = 5, abstract-gap = 1, exhaust-cpu-lim = 3,
c   abs-cpu = 256, abstract-max-ave-size = 100, abstract-max_core_size = 1000, abstract-min-cores = 2,
c   cplex-greedy = 0, abstract-greedy_cores = 2, abstract-cplex_cores = 2, abstract-minsize = 2,
c  
c  C: Disjoint Phase Options
c   dsjnt = false, dsjnt-cpu-lim = 30, dsjnt-mus-cpu-lim = 10,
c 
c  D: Seeding Options
c   seed-learnts = true, all-seeded_2nd_abs_cpu = 240, all-seeded-1st-abs-cpu = 60, all-seeded-1st-cplex-cpu = 100,
c   seed_cpu_before_cplex = 200, seed-all-limit = 512, seed-max = 524288, seedtype = 3,
c  
c  E: Sequence of Sat Options
c   lp-harden = true, find-forced = false, improve-model = false, use-ub-mipstart = true,
c   optcores-cpu-lim = 10, max-cpu-improve-model = 10, max-cpu-before-cplex = 200, relaxfrac = 0.3,
c   max-size-improve-model = -1, sort-assumps = 0, max-cores-before-cplex = 300, frac-rampup-end = 512,
c   frac-rampup-start = 128, abstract-assumps = 1, nonopt = 3,
c 
c  F: Core Minimization Options
c   mus-min-red = 0.1, mus-cpu-lim = 2.5, mintype = 1, mverb = 0,
c  
c  G: CPLEX Options
c   cplex-tune = false, cplex-min-ticks = 4, cplex-threads = 1,
c 
c  H: CPLEX Solution Pool and Populate Options
c   cplextime-pop-cpu-lim = 7.5, cplex-pop-nsoln = 256, cplex-solnpool-cap = 256, cplex-populate = 1,
c   ub-conflicts = 1,
c 
c  I: Preprocessing Options
c   mx-constrain-hs = true, mx-seed-mxes = true, simplify-only = false, wcnf-harden = true,
c   wcnf-units = true, preprocess = true, wcnf-eqs = true, mx-cpu-lim = 15,
c   mx-find-mxes = 2, mx-mem-lim = 1536,
c 
c  J: Debugging Options
c   cplex-wrt-model = false, cplex-output = false, cplex-data-chk = true,
c 
c  U: full MIP solution as asumptions to SAT-solver Options
c   full_assm = 0,
c 
c  V: k-undercover BMF Options
c   k-undercover = 0,
c 
c  VV: min width confidence band Options
c   mwcb = 2,
c 
c  W: BMF symmetry breaking Options
c   sym-break = 1,
c 
c  WW: MWCB parameter k restricting amount of outlying vectors Options
c   mwcb_k = 0,
c 
c  WW: MWCB parameter s specifying the maximum amount of outlying point for a vector to be counted as outlying Options
c   mwcb_s = 0,
c 
c  WW: MWCB parameter t restricting the amount of collumnwise outlying points Options
c   mwcb_t = 0,
c 
c  X: BMF cardinality generation 1= in SAT, 2= in cplex Options
c   card-gen = 0,
c 
c  Y: implication constraint both directions Options
c   bmf_eq = 0,
c 
c  Z: degree of information in SAT, default 0 Options
c   inform_sat = 0,
c 
c  ZZ: split the solution from cplex into two groups based on objective function. Extract cores twice with different assumtions respectivelly, default 0 Options
c   split_sol = 0
c ============================================
c
totalizer -o^(m-s) or yi: 25071 24049
totalizer -o^(m-s) or yi: 25183 24050
totalizer -o^(m-s) or yi: 25295 24051
totalizer -o^(m-s) or yi: 25407 24052
totalizer -o^(m-s) or yi: 25519 24053
totalizer -o^(m-s) or yi: 25631 24054
totalizer -o^(m-s) or yi: 25743 24055
totalizer -o^(m-s) or yi: 25855 24056
totalizer -o^(m-s) or yi: 25967 24057
totalizer -o^(m-s) or yi: 26079 24058
totalizer -o^(m-s) or yi: 26191 24059
totalizer -o^(m-s) or yi: 26303 24060
totalizer -o^(m-s) or yi: 26415 24061
totalizer -o^(m-s) or yi: 26527 24062
totalizer -o^(m-s) or yi: 26639 24063
totalizer -o^(m-s) or yi: 26751 24064
totalizer -o^(m-s) or yi: 26863 24065
totalizer -o^(m-s) or yi: 26975 24066
totalizer -o^(m-s) or yi: 27087 24067
totalizer -o^(m-s) or yi: 27199 24068
totalizer -o^(m-s) or yi: 27311 24069
totalizer -o^(m-s) or yi: 27423 24070
totalizer -o^(m-s) or yi: 27535 24071
totalizer -o^(m-s) or yi: 27647 24072
totalizer -o^(m-s) or yi: 27759 24073
totalizer -o^(m-s) or yi: 27871 24074
totalizer -o^(m-s) or yi: 27983 24075
totalizer -o^(m-s) or yi: 28095 24076
totalizer -o^(m-s) or yi: 28207 24077
totalizer -o^(m-s) or yi: 28319 24078
totalizer -o^(m-s) or yi: 28431 24079
totalizer -o^(m-s) or yi: 28543 24080
totalizer -o^(m-s) or yi: 28655 24081
totalizer -o^(m-s) or yi: 28767 24082
totalizer -o^(m-s) or yi: 28879 24083
totalizer -o^(m-s) or yi: 28991 24084
totalizer -o^(m-s) or yi: 29103 24085
totalizer -o^(m-s) or yi: 29215 24086
totalizer -o^(m-s) or yi: 29327 24087
totalizer -o^(m-s) or yi: 29439 24088
totalizer -o^(m-s) or yi: 29551 24089
totalizer -o^(m-s) or yi: 29663 24090
totalizer -o^(m-s) or yi: 29775 24091
totalizer -o^(m-s) or yi: 29887 24092
totalizer -o^(m-s) or yi: 29999 24093
totalizer -o^(m-s) or yi: 30111 24094
totalizer -o^(m-s) or yi: 30223 24095
totalizer -o^(m-s) or yi: 30335 24096
totalizer -o^(m-s) or yi: 30447 24097
totalizer -o^(m-s) or yi: 30559 24098
totalizer -o^(m-s) or yi: 30671 24099
totalizer -o^(m-s) or yi: 30783 24100
totalizer -o^(m-s) or yi: 30895 24101
totalizer -o^(m-s) or yi: 31007 24102
totalizer -o^(m-s) or yi: 31119 24103
totalizer -o^(m-s) or yi: 31231 24104
totalizer -o^(m-s) or yi: 31343 24105
totalizer -o^(m-s) or yi: 31455 24106
totalizer -o^(m-s) or yi: 31567 24107
totalizer -o^(m-s) or yi: 31679 24108
totalizer -o^(m-s) or yi: 31791 24109
totalizer -o^(m-s) or yi: 31903 24110
totalizer -o^(m-s) or yi: 32015 24111
totalizer -o^(m-s) or yi: 32127 24112
totalizer -o^(m-s) or yi: 32239 24113
totalizer -o^(m-s) or yi: 32351 24114
totalizer -o^(m-s) or yi: 32463 24115
totalizer -o^(m-s) or yi: 32575 24116
totalizer -o^(m-s) or yi: 32687 24117
totalizer -o^(m-s) or yi: 32799 24118
totalizer -o^(m-s) or yi: 32911 24119
totalizer -o^(m-s) or yi: 33023 24120
totalizer -o^(m-s) or yi: 33135 24121
totalizer -o^(m-s) or yi: 33247 24122
totalizer -o^(m-s) or yi: 33359 24123
totalizer -o^(m-s) or yi: 33471 24124
totalizer -o^(m-s) or yi: 33583 24125
totalizer -o^(m-s) or yi: 33695 24126
totalizer -o^(m-s) or yi: 33807 24127
totalizer -o^(m-s) or yi: 33919 24128
totalizer -o^(m-s) or yi: 34031 24129
totalizer -o^(m-s) or yi: 34143 24130
totalizer -o^(m-s) or yi: 34255 24131
totalizer -o^(m-s) or yi: 34367 24132
totalizer -o^(m-s) or yi: 34479 24133
totalizer -o^(m-s) or yi: 34591 24134
totalizer -o^(m-s) or yi: 34703 24135
totalizer -o^(m-s) or yi: 34815 24136
totalizer -o^(m-s) or yi: 34927 24137
totalizer -o^(m-s) or yi: 35039 24138
totalizer -o^(m-s) or yi: 35151 24139
totalizer -o^(m-s) or yi: 35263 24140
totalizer -o^(m-s) or yi: 35375 24141
totalizer -o^(m-s) or yi: 35487 24142
totalizer -o^(m-s) or yi: 35599 24143
totalizer -o^(m-s) or yi: 35711 24144
totalizer -o^(m-s) or yi: 35823 24145
totalizer -o^(m-s) or yi: 35935 24146
totalizer -o^(m-s) or yi: 36047 24147
totalizer -o^(m-s) or yi: 36159 24148
totalizer -o^(m-s) or yi: 36271 24149
totalizer -o^(m-s) or yi: 36383 24150
totalizer -o^(m-s) or yi: 36495 24151
totalizer -o^(m-s) or yi: 36607 24152
totalizer -o^(m-s) or yi: 36719 24153
totalizer -o^(m-s) or yi: 36831 24154
totalizer -o^(m-s) or yi: 36943 24155
totalizer -o^(m-s) or yi: 37055 24156
totalizer -o^(m-s) or yi: 37167 24157
totalizer -o^(m-s) or yi: 37279 24158
totalizer -o^(m-s) or yi: 37391 24159
totalizer -o^(m-s) or yi: 37503 24160
totalizer -o^(m-s) or yi: 37615 24161
totalizer -o^(m-s) or yi: 37727 24162
totalizer -o^(m-s) or yi: 37839 24163
totalizer -o^(m-s) or yi: 37951 24164
totalizer -o^(m-s) or yi: 38063 24165
totalizer -o^(m-s) or yi: 38175 24166
totalizer -o^(m-s) or yi: 38287 24167
totalizer -o^(m-s) or yi: 38399 24168
totalizer -o^(m-s) or yi: 38511 24169
totalizer -o^(m-s) or yi: 38623 24170
totalizer -o^(m-s) or yi: 38735 24171
totalizer -o^(m-s) or yi: 38847 24172
totalizer -o^(m-s) or yi: 38959 24173
totalizer -o^(m-s) or yi: 39071 24174
totalizer -o^(m-s) or yi: 39183 24175
totalizer -o^(m-s) or yi: 39295 24176
totalizer -o^(m-s) or yi: 39407 24177
totalizer -o^(m-s) or yi: 39519 24178
totalizer -o^(m-s) or yi: 39631 24179
totalizer -o^(m-s) or yi: 39743 24180
totalizer -o^(m-s) or yi: 39855 24181
totalizer -o^(m-s) or yi: 39967 24182
totalizer -o^(m-s) or yi: 40079 24183
totalizer -o^(m-s) or yi: 40191 24184
totalizer -o^(m-s) or yi: 40303 24185
totalizer -o^(m-s) or yi: 40415 24186
totalizer -o^(m-s) or yi: 40527 24187
totalizer -o^(m-s) or yi: 40639 24188
totalizer -o^(m-s) or yi: 40751 24189
totalizer -o^(m-s) or yi: 40863 24190
totalizer -o^(m-s) or yi: 40975 24191
totalizer -o^(m-s) or yi: 41087 24192
totalizer -o^(m-s) or yi: 41199 24193
totalizer -o^(m-s) or yi: 41311 24194
totalizer -o^(m-s) or yi: 41423 24195
totalizer -o^(m-s) or yi: 41535 24196
totalizer -o^(m-s) or yi: 41647 24197
totalizer -o^(m-s) or yi: 41759 24198
totalizer -o^(m-s) or yi: 41871 24199
totalizer -o^(m-s) or yi: 41983 24200
totalizer -o^(m-s) or yi: 42095 24201
totalizer -o^(m-s) or yi: 42207 24202
totalizer -o^(m-s) or yi: 42319 24203
totalizer -o^(m-s) or yi: 42431 24204
totalizer -o^(m-s) or yi: 42543 24205
totalizer -o^(m-s) or yi: 42655 24206
totalizer -o^(m-s) or yi: 42767 24207
totalizer -o^(m-s) or yi: 42879 24208
totalizer -o^(m-s) or yi: 42991 24209
totalizer -o^(m-s) or yi: 43103 24210
totalizer -o^(m-s) or yi: 43215 24211
totalizer -o^(m-s) or yi: 43327 24212
totalizer -o^(m-s) or yi: 43439 24213
totalizer -o^(m-s) or yi: 43551 24214
totalizer -o^(m-s) or yi: 43663 24215
totalizer -o^(m-s) or yi: 43775 24216
totalizer -o^(m-s) or yi: 43887 24217
totalizer -o^(m-s) or yi: 43999 24218
totalizer -o^(m-s) or yi: 44111 24219
totalizer -o^(m-s) or yi: 44223 24220
totalizer -o^(m-s) or yi: 44335 24221
totalizer -o^(m-s) or yi: 44447 24222
totalizer -o^(m-s) or yi: 44559 24223
totalizer -o^(m-s) or yi: 44671 24224
totalizer -o^(m-s) or yi: 44783 24225
totalizer -o^(m-s) or yi: 44895 24226
totalizer -o^(m-s) or yi: 45007 24227
totalizer -o^(m-s) or yi: 45119 24228
totalizer -o^(m-s) or yi: 45231 24229
totalizer -o^(m-s) or yi: 45343 24230
totalizer -o^(m-s) or yi: 45455 24231
totalizer -o^(m-s) or yi: 45567 24232
totalizer -o^(m-s) or yi: 45679 24233
totalizer -o^(m-s) or yi: 45791 24234
totalizer -o^(m-s) or yi: 45903 24235
totalizer -o^(m-s) or yi: 46015 24236
totalizer -o^(m-s) or yi: 46127 24237
totalizer -o^(m-s) or yi: 46239 24238
totalizer -o^(m-s) or yi: 46351 24239
totalizer -o^(m-s) or yi: 46463 24240
totalizer -o^(m-s) or yi: 46575 24241
totalizer -o^(m-s) or yi: 46687 24242
totalizer -o^(m-s) or yi: 46799 24243
totalizer -o^(m-s) or yi: 46911 24244
totalizer -o^(m-s) or yi: 47023 24245
totalizer -o^(m-s) or yi: 47135 24246
totalizer -o^(m-s) or yi: 47247 24247
totalizer -o^(m-s) or yi: 47359 24248
totalizer -o^(m-s) or yi: 47471 24249
totalizer -o^(m-s) or yi: 47583 24250
totalizer -o^(m-s) or yi: 47695 24251
totalizer -o^(m-s) or yi: 47807 24252
totalizer -o^(m-s) or yi: 47919 24253
totalizer -o^(m-s) or yi: 48031 24254
totalizer -o^(m-s) or yi: 48143 24255
totalizer -o^(m-s) or yi: 48255 24256
totalizer -o^(m-s) or yi: 48367 24257
totalizer -o^(m-s) or yi: 48479 24258
totalizer -o^(m-s) or yi: 48591 24259
totalizer -o^(m-s) or yi: 48703 24260
totalizer -o^(m-s) or yi: 48815 24261
totalizer -o^(m-s) or yi: 48927 24262
totalizer -o^(m-s) or yi: 49039 24263
totalizer -o^(m-s) or yi: 49151 24264
totalizer -o^(m-s) or yi: 49263 24265
totalizer -o^(m-s) or yi: 49375 24266
totalizer -o^(m-s) or yi: 49487 24267
totalizer -o^(m-s) or yi: 49599 24268
totalizer -o^(m-s) or yi: 49711 24269
totalizer -o^(m-s) or yi: 49823 24270
totalizer -o^(m-s) or yi: 49935 24271
totalizer -o^(m-s) or yi: 50047 24272
totalizer -o^(m-s) or yi: 50159 24273
totalizer -o^(m-s) or yi: 50271 24274
totalizer -o^(m-s) or yi: 50383 24275
totalizer -o^(m-s) or yi: 50495 24276
totalizer -o^(m-s) or yi: 50607 24277
totalizer -o^(m-s) or yi: 50719 24278
totalizer -o^(m-s) or yi: 50831 24279
totalizer -o^(m-s) or yi: 50943 24280
totalizer -o^(m-s) or yi: 51055 24281
totalizer -o^(m-s) or yi: 51167 24282
totalizer -o^(m-s) or yi: 51279 24283
totalizer -o^(m-s) or yi: 51391 24284
totalizer -o^(m-s) or yi: 51503 24285
totalizer -o^(m-s) or yi: 51615 24286
totalizer -o^(m-s) or yi: 51727 24287
totalizer -o^(m-s) or yi: 51839 24288
totalizer -o^(m-s) or yi: 51951 24289
totalizer -o^(m-s) or yi: 52063 24290
totalizer -o^(m-s) or yi: 52175 24291
totalizer -o^(m-s) or yi: 52287 24292
totalizer -o^(m-s) or yi: 52399 24293
totalizer -o^(m-s) or yi: 52511 24294
totalizer -o^(m-s) or yi: 52623 24295
totalizer -o^(m-s) or yi: 52735 24296
totalizer -o^(m-s) or yi: 52847 24297
totalizer -o^(m-s) or yi: 52959 24298
totalizer -o^(m-s) or yi: 53071 24299
totalizer -o^(m-s) or yi: 53183 24300
totalizer -o^(m-s) or yi: 53295 24301
totalizer -o^(m-s) or yi: 53407 24302
totalizer -o^(m-s) or yi: 53519 24303
totalizer -o^(m-s) or yi: 53631 24304
totalizer -o^(m-s) or yi: 53743 24305
totalizer -o^(m-s) or yi: 53855 24306
totalizer -o^(m-s) or yi: 53967 24307
totalizer -o^(m-s) or yi: 54079 24308
totalizer -o^(m-s) or yi: 54191 24309
totalizer -o^(m-s) or yi: 54303 24310
totalizer -o^(m-s) or yi: 54415 24311
totalizer -o^(m-s) or yi: 54527 24312
totalizer -o^(m-s) or yi: 54639 24313
totalizer -o^(m-s) or yi: 54751 24314
totalizer -o^(m-s) or yi: 54863 24315
totalizer -o^(m-s) or yi: 54975 24316
totalizer -o^(m-s) or yi: 55087 24317
totalizer -o^(m-s) or yi: 55199 24318
totalizer -o^(m-s) or yi: 55311 24319
totalizer -o^(m-s) or yi: 55423 24320
totalizer -o^(m-s) or yi: 55535 24321
totalizer -o^(m-s) or yi: 55647 24322
totalizer -o^(m-s) or yi: 55759 24323
totalizer -o^(m-s) or yi: 55871 24324
totalizer -o^(m-s) or yi: 55983 24325
totalizer -o^(m-s) or yi: 56095 24326
totalizer -o^(m-s) or yi: 56207 24327
totalizer -o^(m-s) or yi: 56319 24328
totalizer -o^(m-s) or yi: 56431 24329
totalizer -o^(m-s) or yi: 56543 24330
totalizer -o^(m-s) or yi: 56655 24331
totalizer -o^(m-s) or yi: 56767 24332
totalizer -o^(m-s) or yi: 56879 24333
totalizer -o^(m-s) or yi: 56991 24334
totalizer -o^(m-s) or yi: 57103 24335
totalizer -o^(m-s) or yi: 57215 24336
totalizer -o^(m-s) or yi: 57327 24337
totalizer -o^(m-s) or yi: 57439 24338
totalizer -o^(m-s) or yi: 57551 24339
totalizer -o^(m-s) or yi: 57663 24340
totalizer -o^(m-s) or yi: 57775 24341
totalizer -o^(m-s) or yi: 57887 24342
totalizer -o^(m-s) or yi: 57999 24343
totalizer -o^(m-s) or yi: 58111 24344
totalizer -o^(m-s) or yi: 58223 24345
totalizer -o^(m-s) or yi: 58335 24346
totalizer -o^(m-s) or yi: 58447 24347
totalizer -o^(m-s) or yi: 58559 24348
totalizer -o^(m-s) or yi: 58671 24349
totalizer -o^(m-s) or yi: 58783 24350
totalizer -o^(m-s) or yi: 58895 24351
totalizer -o^(m-s) or yi: 59007 24352
totalizer -o^(m-s) or yi: 59119 24353
totalizer -o^(m-s) or yi: 59231 24354
totalizer -o^(m-s) or yi: 59343 24355
totalizer -o^(m-s) or yi: 59455 24356
totalizer -o^(m-s) or yi: 59567 24357
totalizer -o^(m-s) or yi: 59679 24358
totalizer -o^(m-s) or yi: 59791 24359
totalizer -o^(m-s) or yi: 59903 24360
totalizer -o^(m-s) or yi: 60015 24361
totalizer -o^(m-s) or yi: 60127 24362
totalizer -o^(m-s) or yi: 60239 24363
totalizer -o^(m-s) or yi: 60351 24364
totalizer -o^(m-s) or yi: 60463 24365
totalizer -o^(m-s) or yi: 60575 24366
totalizer -o^(m-s) or yi: 60687 24367
totalizer -o^(m-s) or yi: 60799 24368
totalizer -o^(m-s) or yi: 60911 24369
totalizer -o^(m-s) or yi: 61023 24370
totalizer -o^(m-s) or yi: 61135 24371
totalizer -o^(m-s) or yi: 61247 24372
totalizer -o^(m-s) or yi: 61359 24373
totalizer -o^(m-s) or yi: 61471 24374
totalizer -o^(m-s) or yi: 61583 24375
totalizer -o^(m-s) or yi: 61695 24376
totalizer -o^(m-s) or yi: 61807 24377
totalizer -o^(m-s) or yi: 61919 24378
totalizer -o^(m-s) or yi: 62031 24379
totalizer -o^(m-s) or yi: 62143 24380
totalizer -o^(m-s) or yi: 62255 24381
totalizer -o^(m-s) or yi: 62367 24382
totalizer -o^(m-s) or yi: 62479 24383
totalizer -o^(m-s) or yi: 62591 24384
totalizer -o^(m-s) or yi: 62703 24385
totalizer -o^(m-s) or yi: 62815 24386
totalizer -o^(m-s) or yi: 62927 24387
totalizer -o^(m-s) or yi: 63039 24388
totalizer -o^(m-s) or yi: 63151 24389
totalizer -o^(m-s) or yi: 63263 24390
totalizer -o^(m-s) or yi: 63375 24391
totalizer -o^(m-s) or yi: 63487 24392
totalizer -o^(m-s) or yi: 63599 24393
totalizer -o^(m-s) or yi: 63711 24394
totalizer -o^(m-s) or yi: 63823 24395
totalizer -o^(m-s) or yi: 63935 24396
totalizer -o^(m-s) or yi: 64047 24397
totalizer -o^(m-s) or yi: 64159 24398
totalizer -o^(m-s) or yi: 64271 24399
totalizer -o^(m-s) or yi: 64383 24400
totalizer -o^(m-s) or yi: 64495 24401
totalizer -o^(m-s) or yi: 64607 24402
totalizer -o^(m-s) or yi: 64719 24403
totalizer -o^(m-s) or yi: 64831 24404
totalizer -o^(m-s) or yi: 64943 24405
totalizer -o^(m-s) or yi: 65055 24406
totalizer -o^(m-s) or yi: 65167 24407
totalizer -o^(m-s) or yi: 65279 24408
totalizer -o^(m-s) or yi: 65391 24409
totalizer -o^(m-s) or yi: 65503 24410
totalizer -o^(m-s) or yi: 65615 24411
totalizer -o^(m-s) or yi: 65727 24412
totalizer -o^(m-s) or yi: 65839 24413
totalizer -o^(m-s) or yi: 65951 24414
totalizer -o^(m-s) or yi: 66063 24415
totalizer -o^(m-s) or yi: 66175 24416
totalizer -o^(m-s) or yi: 66287 24417
totalizer -o^(m-s) or yi: 66399 24418
totalizer -o^(m-s) or yi: 66511 24419
totalizer -o^(m-s) or yi: 66623 24420
totalizer -o^(m-s) or yi: 66735 24421
totalizer -o^(m-s) or yi: 66847 24422
totalizer -o^(m-s) or yi: 66959 24423
totalizer -o^(m-s) or yi: 67071 24424
totalizer -o^(m-s) or yi: 67183 24425
totalizer -o^(m-s) or yi: 67295 24426
totalizer -o^(m-s) or yi: 67407 24427
totalizer -o^(m-s) or yi: 67519 24428
totalizer -o^(m-s) or yi: 67631 24429
totalizer -o^(m-s) or yi: 67743 24430
totalizer -o^(m-s) or yi: 67855 24431
totalizer -o^(m-s) or yi: 67967 24432
totalizer -o^(m-s) or yi: 68079 24433
totalizer -o^(m-s) or yi: 68191 24434
totalizer -o^(m-s) or yi: 68303 24435
totalizer -o^(m-s) or yi: 68415 24436
totalizer -o^(m-s) or yi: 68527 24437
totalizer -o^(m-s) or yi: 68639 24438
totalizer -o^(m-s) or yi: 68751 24439
totalizer -o^(m-s) or yi: 68863 24440
totalizer -o^(m-s) or yi: 68975 24441
totalizer -o^(m-s) or yi: 69087 24442
totalizer -o^(m-s) or yi: 69199 24443
totalizer -o^(m-s) or yi: 69311 24444
totalizer -o^(m-s) or yi: 69423 24445
totalizer -o^(m-s) or yi: 69535 24446
totalizer -o^(m-s) or yi: 69647 24447
totalizer -o^(m-s) or yi: 69759 24448
totalizer -o^(m-s) or yi: 69871 24449
totalizer -o^(m-s) or yi: 69983 24450
totalizer -o^(m-s) or yi: 70095 24451
totalizer -o^(m-s) or yi: 70207 24452
totalizer -o^(m-s) or yi: 70319 24453
totalizer -o^(m-s) or yi: 70431 24454
totalizer -o^(m-s) or yi: 70543 24455
totalizer -o^(m-s) or yi: 70655 24456
totalizer -o^(m-s) or yi: 70767 24457
totalizer -o^(m-s) or yi: 70879 24458
totalizer -o^(m-s) or yi: 70991 24459
totalizer -o^(m-s) or yi: 71103 24460
totalizer -o^(m-s) or yi: 71215 24461
totalizer -o^(m-s) or yi: 71327 24462
totalizer -o^(m-s) or yi: 71439 24463
totalizer -o^(m-s) or yi: 71551 24464
totalizer -o^(m-s) or yi: 71663 24465
totalizer -o^(m-s) or yi: 71775 24466
totalizer -o^(m-s) or yi: 71887 24467
totalizer -o^(m-s) or yi: 71999 24468
totalizer -o^(m-s) or yi: 72111 24469
totalizer -o^(m-s) or yi: 72223 24470
totalizer -o^(m-s) or yi: 72335 24471
totalizer -o^(m-s) or yi: 72447 24472
totalizer -o^(m-s) or yi: 72559 24473
totalizer -o^(m-s) or yi: 72671 24474
totalizer -o^(m-s) or yi: 72783 24475
totalizer -o^(m-s) or yi: 72895 24476
totalizer -o^(m-s) or yi: 73007 24477
totalizer -o^(m-s) or yi: 73119 24478
totalizer -o^(m-s) or yi: 73231 24479
totalizer -o^(m-s) or yi: 73343 24480
totalizer -o^(m-s) or yi: 73455 24481
totalizer -o^(m-s) or yi: 73567 24482
totalizer -o^(m-s) or yi: 73679 24483
totalizer -o^(m-s) or yi: 73791 24484
totalizer -o^(m-s) or yi: 73903 24485
totalizer -o^(m-s) or yi: 74015 24486
totalizer -o^(m-s) or yi: 74127 24487
totalizer -o^(m-s) or yi: 74239 24488
totalizer -o^(m-s) or yi: 74351 24489
totalizer -o^(m-s) or yi: 74463 24490
totalizer -o^(m-s) or yi: 74575 24491
totalizer -o^(m-s) or yi: 74687 24492
totalizer -o^(m-s) or yi: 74799 24493
totalizer -o^(m-s) or yi: 74911 24494
totalizer -o^(m-s) or yi: 75023 24495
totalizer -o^(m-s) or yi: 75135 24496
totalizer -o^(m-s) or yi: 75247 24497
totalizer -o^(m-s) or yi: 75359 24498
totalizer -o^(m-s) or yi: 75471 24499
totalizer -o^(m-s) or yi: 75583 24500
totalizer -o^(m-s) or yi: 75695 24501
totalizer -o^(m-s) or yi: 75807 24502
totalizer -o^(m-s) or yi: 75919 24503
totalizer -o^(m-s) or yi: 76031 24504
totalizer -o^(m-s) or yi: 76143 24505
totalizer -o^(m-s) or yi: 76255 24506
totalizer -o^(m-s) or yi: 76367 24507
totalizer -o^(m-s) or yi: 76479 24508
totalizer -o^(m-s) or yi: 76591 24509
totalizer -o^(m-s) or yi: 76703 24510
totalizer -o^(m-s) or yi: 76815 24511
totalizer -o^(m-s) or yi: 76927 24512
totalizer -o^(m-s) or yi: 77039 24513
totalizer -o^(m-s) or yi: 77151 24514
totalizer -o^(m-s) or yi: 77263 24515
totalizer -o^(m-s) or yi: 77375 24516
totalizer -o^(m-s) or yi: 77487 24517
totalizer -o^(m-s) or yi: 77599 24518
totalizer -o^(m-s) or yi: 77711 24519
totalizer -o^(m-s) or yi: 77823 24520
totalizer -o^(m-s) or yi: 77935 24521
totalizer -o^(m-s) or yi: 78047 24522
totalizer -o^(m-s) or yi: 78159 24523
totalizer -o^(m-s) or yi: 78271 24524
totalizer -o^(m-s) or yi: 78383 24525
totalizer -o^(m-s) or yi: 78495 24526
totalizer -o^(m-s) or yi: 78607 24527
totalizer -o^(m-s) or yi: 78719 24528
totalizer -o^(m-s) or yi: 78831 24529
totalizer -o^(m-s) or yi: 78943 24530
totalizer -o^(m-s) or yi: 79055 24531
totalizer -o^(m-s) or yi: 79167 24532
totalizer -o^(m-s) or yi: 79279 24533
totalizer -o^(m-s) or yi: 79391 24534
totalizer -o^(m-s) or yi: 79503 24535
totalizer -o^(m-s) or yi: 79615 24536
totalizer -o^(m-s) or yi: 79727 24537
totalizer -o^(m-s) or yi: 79839 24538
totalizer -o^(m-s) or yi: 79951 24539
totalizer -o^(m-s) or yi: 80063 24540
totalizer -o^(m-s) or yi: 80175 24541
totalizer -o^(m-s) or yi: 80287 24542
totalizer -o^(m-s) or yi: 80399 24543
totalizer -o^(m-s) or yi: 80511 24544
totalizer -o^(m-s) or yi: 80623 24545
totalizer -o^(m-s) or yi: 80735 24546
totalizer -o^(m-s) or yi: 80847 24547
totalizer -o^(m-s) or yi: 80959 24548
totalizer -o^(m-s) or yi: 81071 24549
totalizer -o^(m-s) or yi: 81183 24550
totalizer -o^(m-s) or yi: 81295 24551
totalizer -o^(m-s) or yi: 81407 24552
totalizer -o^(m-s) or yi: 81519 24553
totalizer -o^(m-s) or yi: 81631 24554
totalizer -o^(m-s) or yi: 81743 24555
totalizer -o^(m-s) or yi: 81855 24556
totalizer -o^(m-s) or yi: 81967 24557
totalizer -o^(m-s) or yi: 82079 24558
totalizer -o^(m-s) or yi: 82191 24559
totalizer -o^(m-s) or yi: 82303 24560
totalizer -o^(m-s) or yi: 82415 24561
totalizer -o^(m-s) or yi: 82527 24562
totalizer -o^(m-s) or yi: 82639 24563
totalizer -o^(m-s) or yi: 82751 24564
totalizer -o^(m-s) or yi: 82863 24565
totalizer -o^(m-s) or yi: 82975 24566
totalizer -o^(m-s) or yi: 83087 24567
totalizer -o^(m-s) or yi: 83199 24568
totalizer -o^(m-s) or yi: 83311 24569
totalizer -o^(m-s) or yi: 83423 24570
totalizer -o^(m-s) or yi: 83535 24571
totalizer -o^(m-s) or yi: 83647 24572
totalizer -o^(m-s) or yi: 83759 24573
totalizer -o^(m-s) or yi: 83871 24574
totalizer -o^(m-s) or yi: 83983 24575
totalizer -o^(m-s) or yi: 84095 24576
totalizer -o^(m-s) or yi: 84207 24577
totalizer -o^(m-s) or yi: 84319 24578
totalizer -o^(m-s) or yi: 84431 24579
totalizer -o^(m-s) or yi: 84543 24580
totalizer -o^(m-s) or yi: 84655 24581
totalizer -o^(m-s) or yi: 84767 24582
totalizer -o^(m-s) or yi: 84879 24583
totalizer -o^(m-s) or yi: 84991 24584
totalizer -o^(m-s) or yi: 85103 24585
totalizer -o^(m-s) or yi: 85215 24586
totalizer -o^(m-s) or yi: 85327 24587
totalizer -o^(m-s) or yi: 85439 24588
totalizer -o^(m-s) or yi: 85551 24589
totalizer -o^(m-s) or yi: 85663 24590
totalizer -o^(m-s) or yi: 85775 24591
totalizer -o^(m-s) or yi: 85887 24592
totalizer -o^(m-s) or yi: 85999 24593
totalizer -o^(m-s) or yi: 86111 24594
totalizer -o^(m-s) or yi: 86223 24595
totalizer -o^(m-s) or yi: 86335 24596
totalizer -o^(m-s) or yi: 86447 24597
totalizer -o^(m-s) or yi: 86559 24598
totalizer -o^(m-s) or yi: 86671 24599
totalizer -o^(m-s) or yi: 86783 24600
totalizer -o^(m-s) or yi: 86895 24601
totalizer -o^(m-s) or yi: 87007 24602
totalizer -o^(m-s) or yi: 87119 24603
totalizer -o^(m-s) or yi: 87231 24604
totalizer -o^(m-s) or yi: 87343 24605
totalizer -o^(m-s) or yi: 87455 24606
totalizer -o^(m-s) or yi: 87567 24607
totalizer -o^(m-s) or yi: 87679 24608
totalizer -o^(m-s) or yi: 87791 24609
totalizer -o^(m-s) or yi: 87903 24610
totalizer -o^(m-s) or yi: 88015 24611
totalizer -o^(m-s) or yi: 88127 24612
totalizer -o^(m-s) or yi: 88239 24613
totalizer -o^(m-s) or yi: 88351 24614
totalizer -o^(m-s) or yi: 88463 24615
totalizer -o^(m-s) or yi: 88575 24616
totalizer -o^(m-s) or yi: 88687 24617
totalizer -o^(m-s) or yi: 88799 24618
totalizer -o^(m-s) or yi: 88911 24619
totalizer -o^(m-s) or yi: 89023 24620
totalizer -o^(m-s) or yi: 89135 24621
totalizer -o^(m-s) or yi: 89247 24622
totalizer -o^(m-s) or yi: 89359 24623
totalizer -o^(m-s) or yi: 89471 24624
totalizer -o^(m-s) or yi: 89583 24625
totalizer -o^(m-s) or yi: 89695 24626
totalizer -o^(m-s) or yi: 89807 24627
totalizer -o^(m-s) or yi: 89919 24628
totalizer -o^(m-s) or yi: 90031 24629
totalizer -o^(m-s) or yi: 90143 24630
totalizer -o^(m-s) or yi: 90255 24631
totalizer -o^(m-s) or yi: 90367 24632
totalizer -o^(m-s) or yi: 90479 24633
totalizer -o^(m-s) or yi: 90591 24634
totalizer -o^(m-s) or yi: 90703 24635
totalizer -o^(m-s) or yi: 90815 24636
totalizer -o^(m-s) or yi: 90927 24637
totalizer -o^(m-s) or yi: 91039 24638
totalizer -o^(m-s) or yi: 91151 24639
totalizer -o^(m-s) or yi: 91263 24640
totalizer -o^(m-s) or yi: 91375 24641
totalizer -o^(m-s) or yi: 91487 24642
totalizer -o^(m-s) or yi: 91599 24643
totalizer -o^(m-s) or yi: 91711 24644
totalizer -o^(m-s) or yi: 91823 24645
totalizer -o^(m-s) or yi: 91935 24646
totalizer -o^(m-s) or yi: 92047 24647
totalizer -o^(m-s) or yi: 92159 24648
totalizer -o^(m-s) or yi: 92271 24649
totalizer -o^(m-s) or yi: 92383 24650
totalizer -o^(m-s) or yi: 92495 24651
totalizer -o^(m-s) or yi: 92607 24652
totalizer -o^(m-s) or yi: 92719 24653
totalizer -o^(m-s) or yi: 92831 24654
totalizer -o^(m-s) or yi: 92943 24655
totalizer -o^(m-s) or yi: 93055 24656
totalizer -o^(m-s) or yi: 93167 24657
totalizer -o^(m-s) or yi: 93279 24658
totalizer -o^(m-s) or yi: 93391 24659
totalizer -o^(m-s) or yi: 93503 24660
totalizer -o^(m-s) or yi: 93615 24661
totalizer -o^(m-s) or yi: 93727 24662
totalizer -o^(m-s) or yi: 93839 24663
totalizer -o^(m-s) or yi: 93951 24664
totalizer -o^(m-s) or yi: 94063 24665
totalizer -o^(m-s) or yi: 94175 24666
totalizer -o^(m-s) or yi: 94287 24667
totalizer -o^(m-s) or yi: 94399 24668
totalizer -o^(m-s) or yi: 94511 24669
totalizer -o^(m-s) or yi: 94623 24670
totalizer -o^(m-s) or yi: 94735 24671
totalizer -o^(m-s) or yi: 94847 24672
totalizer -o^(m-s) or yi: 94959 24673
totalizer -o^(m-s) or yi: 95071 24674
totalizer -o^(m-s) or yi: 95183 24675
totalizer -o^(m-s) or yi: 95295 24676
totalizer -o^(m-s) or yi: 95407 24677
totalizer -o^(m-s) or yi: 95519 24678
totalizer -o^(m-s) or yi: 95631 24679
totalizer -o^(m-s) or yi: 95743 24680
totalizer -o^(m-s) or yi: 95855 24681
totalizer -o^(m-s) or yi: 95967 24682
totalizer -o^(m-s) or yi: 96079 24683
totalizer -o^(m-s) or yi: 96191 24684
totalizer -o^(m-s) or yi: 96303 24685
totalizer -o^(m-s) or yi: 96415 24686
totalizer -o^(m-s) or yi: 96527 24687
totalizer -o^(m-s) or yi: 96639 24688
totalizer -o^(m-s) or yi: 96751 24689
totalizer -o^(m-s) or yi: 96863 24690
totalizer -o^(m-s) or yi: 96975 24691
totalizer -o^(m-s) or yi: 97087 24692
totalizer -o^(m-s) or yi: 97199 24693
totalizer -o^(m-s) or yi: 97311 24694
totalizer -o^(m-s) or yi: 97423 24695
totalizer -o^(m-s) or yi: 97535 24696
totalizer -o^(m-s) or yi: 97647 24697
totalizer -o^(m-s) or yi: 97759 24698
totalizer -o^(m-s) or yi: 97871 24699
totalizer -o^(m-s) or yi: 97983 24700
totalizer -o^(m-s) or yi: 98095 24701
totalizer -o^(m-s) or yi: 98207 24702
totalizer -o^(m-s) or yi: 98319 24703
totalizer -o^(m-s) or yi: 98431 24704
totalizer -o^(m-s) or yi: 98543 24705
totalizer -o^(m-s) or yi: 98655 24706
totalizer -o^(m-s) or yi: 98767 24707
totalizer -o^(m-s) or yi: 98879 24708
totalizer -o^(m-s) or yi: 98991 24709
totalizer -o^(m-s) or yi: 99103 24710
totalizer -o^(m-s) or yi: 99215 24711
totalizer -o^(m-s) or yi: 99327 24712
totalizer -o^(m-s) or yi: 99439 24713
totalizer -o^(m-s) or yi: 99551 24714
totalizer -o^(m-s) or yi: 99663 24715
totalizer -o^(m-s) or yi: 99775 24716
totalizer -o^(m-s) or yi: 99887 24717
totalizer -o^(m-s) or yi: 99999 24718
totalizer -o^(m-s) or yi: 100111 24719
totalizer -o^(m-s) or yi: 100223 24720
totalizer -o^(m-s) or yi: 100335 24721
totalizer -o^(m-s) or yi: 100447 24722
totalizer -o^(m-s) or yi: 100559 24723
totalizer -o^(m-s) or yi: 100671 24724
totalizer -o^(m-s) or yi: 100783 24725
totalizer -o^(m-s) or yi: 100895 24726
totalizer -o^(m-s) or yi: 101007 24727
totalizer -o^(m-s) or yi: 101119 24728
totalizer -o^(m-s) or yi: 101231 24729
totalizer -o^(m-s) or yi: 101343 24730
totalizer -o^(m-s) or yi: 101455 24731
totalizer -o^(m-s) or yi: 101567 24732
totalizer -o^(m-s) or yi: 101679 24733
totalizer -o^(m-s) or yi: 101791 24734
totalizer -o^(m-s) or yi: 101903 24735
totalizer -o^(m-s) or yi: 102015 24736
totalizer -o^(m-s) or yi: 102127 24737
totalizer -o^(m-s) or yi: 102239 24738
totalizer -o^(m-s) or yi: 102351 24739
totalizer -o^(m-s) or yi: 102463 24740
totalizer -o^(m-s) or yi: 102575 24741
totalizer -o^(m-s) or yi: 102687 24742
totalizer -o^(m-s) or yi: 102799 24743
totalizer -o^(m-s) or yi: 102911 24744
totalizer -o^(m-s) or yi: 103023 24745
totalizer -o^(m-s) or yi: 103135 24746
totalizer -o^(m-s) or yi: 103247 24747
totalizer -o^(m-s) or yi: 103359 24748
totalizer -o^(m-s) or yi: 103471 24749
totalizer -o^(m-s) or yi: 103583 24750
totalizer -o^(m-s) or yi: 103695 24751
totalizer -o^(m-s) or yi: 103807 24752
totalizer -o^(m-s) or yi: 103919 24753
totalizer -o^(m-s) or yi: 104031 24754
totalizer -o^(m-s) or yi: 104143 24755
totalizer -o^(m-s) or yi: 104255 24756
totalizer -o^(m-s) or yi: 104367 24757
totalizer -o^(m-s) or yi: 104479 24758
totalizer -o^(m-s) or yi: 104591 24759
totalizer -o^(m-s) or yi: 104703 24760
totalizer -o^(m-s) or yi: 104815 24761
totalizer -o^(m-s) or yi: 104927 24762
totalizer -o^(m-s) or yi: 105039 24763
totalizer -o^(m-s) or yi: 105151 24764
totalizer -o^(m-s) or yi: 105263 24765
totalizer -o^(m-s) or yi: 105375 24766
totalizer -o^(m-s) or yi: 105487 24767
totalizer -o^(m-s) or yi: 105599 24768
totalizer -o^(m-s) or yi: 105711 24769
totalizer -o^(m-s) or yi: 105823 24770
totalizer -o^(m-s) or yi: 105935 24771
totalizer -o^(m-s) or yi: 106047 24772
totalizer -o^(m-s) or yi: 106159 24773
totalizer -o^(m-s) or yi: 106271 24774
totalizer -o^(m-s) or yi: 106383 24775
totalizer -o^(m-s) or yi: 106495 24776
totalizer -o^(m-s) or yi: 106607 24777
totalizer -o^(m-s) or yi: 106719 24778
totalizer -o^(m-s) or yi: 106831 24779
totalizer -o^(m-s) or yi: 106943 24780
totalizer -o^(m-s) or yi: 107055 24781
totalizer -o^(m-s) or yi: 107167 24782
totalizer -o^(m-s) or yi: 107279 24783
totalizer -o^(m-s) or yi: 107391 24784
totalizer -o^(m-s) or yi: 107503 24785
totalizer -o^(m-s) or yi: 107615 24786
totalizer -o^(m-s) or yi: 107727 24787
totalizer -o^(m-s) or yi: 107839 24788
totalizer -o^(m-s) or yi: 107951 24789
totalizer -o^(m-s) or yi: 108063 24790
totalizer -o^(m-s) or yi: 108175 24791
totalizer -o^(m-s) or yi: 108287 24792
totalizer -o^(m-s) or yi: 108399 24793
totalizer -o^(m-s) or yi: 108511 24794
totalizer -o^(m-s) or yi: 108623 24795
totalizer -o^(m-s) or yi: 108735 24796
totalizer -o^(m-s) or yi: 108847 24797
totalizer -o^(m-s) or yi: 108959 24798
totalizer -o^(m-s) or yi: 109071 24799
totalizer -o^(m-s) or yi: 109183 24800
totalizer -o^(m-s) or yi: 109295 24801
totalizer -o^(m-s) or yi: 109407 24802
totalizer -o^(m-s) or yi: 109519 24803
totalizer -o^(m-s) or yi: 109631 24804
totalizer -o^(m-s) or yi: 109743 24805
totalizer -o^(m-s) or yi: 109855 24806
totalizer -o^(m-s) or yi: 109967 24807
totalizer -o^(m-s) or yi: 110079 24808
totalizer -o^(m-s) or yi: 110191 24809
totalizer -o^(m-s) or yi: 110303 24810
totalizer -o^(m-s) or yi: 110415 24811
totalizer -o^(m-s) or yi: 110527 24812
totalizer -o^(m-s) or yi: 110639 24813
totalizer -o^(m-s) or yi: 110751 24814
totalizer -o^(m-s) or yi: 110863 24815
totalizer -o^(m-s) or yi: 110975 24816
totalizer -o^(m-s) or yi: 111087 24817
totalizer -o^(m-s) or yi: 111199 24818
totalizer -o^(m-s) or yi: 111311 24819
totalizer -o^(m-s) or yi: 111423 24820
totalizer -o^(m-s) or yi: 111535 24821
totalizer -o^(m-s) or yi: 111647 24822
totalizer -o^(m-s) or yi: 111759 24823
totalizer -o^(m-s) or yi: 111871 24824
totalizer -o^(m-s) or yi: 111983 24825
totalizer -o^(m-s) or yi: 112095 24826
totalizer -o^(m-s) or yi: 112207 24827
totalizer -o^(m-s) or yi: 112319 24828
totalizer -o^(m-s) or yi: 112431 24829
totalizer -o^(m-s) or yi: 112543 24830
totalizer -o^(m-s) or yi: 112655 24831
totalizer -o^(m-s) or yi: 112767 24832
totalizer -o^(m-s) or yi: 112879 24833
totalizer -o^(m-s) or yi: 112991 24834
totalizer -o^(m-s) or yi: 113103 24835
totalizer -o^(m-s) or yi: 113215 24836
totalizer -o^(m-s) or yi: 113327 24837
totalizer -o^(m-s) or yi: 113439 24838
totalizer -o^(m-s) or yi: 113551 24839
totalizer -o^(m-s) or yi: 113663 24840
totalizer -o^(m-s) or yi: 113775 24841
totalizer -o^(m-s) or yi: 113887 24842
totalizer -o^(m-s) or yi: 113999 24843
totalizer -o^(m-s) or yi: 114111 24844
totalizer -o^(m-s) or yi: 114223 24845
totalizer -o^(m-s) or yi: 114335 24846
totalizer -o^(m-s) or yi: 114447 24847
totalizer -o^(m-s) or yi: 114559 24848
totalizer -o^(m-s) or yi: 114671 24849
totalizer -o^(m-s) or yi: 114783 24850
totalizer -o^(m-s) or yi: 114895 24851
totalizer -o^(m-s) or yi: 115007 24852
totalizer -o^(m-s) or yi: 115119 24853
totalizer -o^(m-s) or yi: 115231 24854
totalizer -o^(m-s) or yi: 115343 24855
totalizer -o^(m-s) or yi: 115455 24856
totalizer -o^(m-s) or yi: 115567 24857
totalizer -o^(m-s) or yi: 115679 24858
totalizer -o^(m-s) or yi: 115791 24859
totalizer -o^(m-s) or yi: 115903 24860
totalizer -o^(m-s) or yi: 116015 24861
totalizer -o^(m-s) or yi: 116127 24862
totalizer -o^(m-s) or yi: 116239 24863
totalizer -o^(m-s) or yi: 116351 24864
totalizer -o^(m-s) or yi: 116463 24865
totalizer -o^(m-s) or yi: 116575 24866
totalizer -o^(m-s) or yi: 116687 24867
totalizer -o^(m-s) or yi: 116799 24868
totalizer -o^(m-s) or yi: 116911 24869
totalizer -o^(m-s) or yi: 117023 24870
totalizer -o^(m-s) or yi: 117135 24871
totalizer -o^(m-s) or yi: 117247 24872
totalizer -o^(m-s) or yi: 117359 24873
totalizer -o^(m-s) or yi: 117471 24874
totalizer -o^(m-s) or yi: 117583 24875
totalizer -o^(m-s) or yi: 117695 24876
totalizer -o^(m-s) or yi: 117807 24877
totalizer -o^(m-s) or yi: 117919 24878
totalizer -o^(m-s) or yi: 118031 24879
totalizer -o^(m-s) or yi: 118143 24880
totalizer -o^(m-s) or yi: 118255 24881
totalizer -o^(m-s) or yi: 118367 24882
totalizer -o^(m-s) or yi: 118479 24883
totalizer -o^(m-s) or yi: 118591 24884
totalizer -o^(m-s) or yi: 118703 24885
totalizer -o^(m-s) or yi: 118815 24886
totalizer -o^(m-s) or yi: 118927 24887
totalizer -o^(m-s) or yi: 119039 24888
totalizer -o^(m-s) or yi: 119151 24889
totalizer -o^(m-s) or yi: 119263 24890
totalizer -o^(m-s) or yi: 119375 24891
totalizer -o^(m-s) or yi: 119487 24892
totalizer -o^(m-s) or yi: 119599 24893
totalizer -o^(m-s) or yi: 119711 24894
totalizer -o^(m-s) or yi: 119823 24895
totalizer -o^(m-s) or yi: 119935 24896
totalizer -o^(m-s) or yi: 120047 24897
totalizer -o^(m-s) or yi: 120159 24898
totalizer -o^(m-s) or yi: 120271 24899
totalizer -o^(m-s) or yi: 120383 24900
totalizer -o^(m-s) or yi: 120495 24901
totalizer -o^(m-s) or yi: 120607 24902
totalizer -o^(m-s) or yi: 120719 24903
totalizer -o^(m-s) or yi: 120831 24904
totalizer -o^(m-s) or yi: 120943 24905
totalizer -o^(m-s) or yi: 121055 24906
totalizer -o^(m-s) or yi: 121167 24907
totalizer -o^(m-s) or yi: 121279 24908
totalizer -o^(m-s) or yi: 121391 24909
totalizer -o^(m-s) or yi: 121503 24910
totalizer -o^(m-s) or yi: 121615 24911
totalizer -o^(m-s) or yi: 121727 24912
totalizer -o^(m-s) or yi: 121839 24913
totalizer -o^(m-s) or yi: 121951 24914
totalizer -o^(m-s) or yi: 122063 24915
totalizer -o^(m-s) or yi: 122175 24916
totalizer -o^(m-s) or yi: 122287 24917
totalizer -o^(m-s) or yi: 122399 24918
totalizer -o^(m-s) or yi: 122511 24919
totalizer -o^(m-s) or yi: 122623 24920
totalizer -o^(m-s) or yi: 122735 24921
totalizer -o^(m-s) or yi: 122847 24922
totalizer -o^(m-s) or yi: 122959 24923
totalizer -o^(m-s) or yi: 123071 24924
totalizer -o^(m-s) or yi: 123183 24925
totalizer -o^(m-s) or yi: 123295 24926
totalizer -o^(m-s) or yi: 123407 24927
totalizer -o^(m-s) or yi: 123519 24928
totalizer -o^(m-s) or yi: 123631 24929
totalizer -o^(m-s) or yi: 123743 24930
totalizer -o^(m-s) or yi: 123855 24931
totalizer -o^(m-s) or yi: 123967 24932
totalizer -o^(m-s) or yi: 124079 24933
totalizer -o^(m-s) or yi: 124191 24934
totalizer -o^(m-s) or yi: 124303 24935
totalizer -o^(m-s) or yi: 124415 24936
totalizer -o^(m-s) or yi: 124527 24937
totalizer -o^(m-s) or yi: 124639 24938
totalizer -o^(m-s) or yi: 124751 24939
totalizer -o^(m-s) or yi: 124863 24940
totalizer -o^(m-s) or yi: 124975 24941
totalizer -o^(m-s) or yi: 125087 24942
totalizer -o^(m-s) or yi: 125199 24943
totalizer -o^(m-s) or yi: 125311 24944
totalizer -o^(m-s) or yi: 125423 24945
totalizer -o^(m-s) or yi: 125535 24946
totalizer -o^(m-s) or yi: 125647 24947
totalizer -o^(m-s) or yi: 125759 24948
totalizer -o^(m-s) or yi: 125871 24949
totalizer -o^(m-s) or yi: 125983 24950
totalizer -o^(m-s) or yi: 126095 24951
totalizer -o^(m-s) or yi: 126207 24952
totalizer -o^(m-s) or yi: 126319 24953
totalizer -o^(m-s) or yi: 126431 24954
totalizer -o^(m-s) or yi: 126543 24955
totalizer -o^(m-s) or yi: 126655 24956
totalizer -o^(m-s) or yi: 126767 24957
totalizer -o^(m-s) or yi: 126879 24958
totalizer -o^(m-s) or yi: 126991 24959
totalizer -o^(m-s) or yi: 127103 24960
totalizer -o^(m-s) or yi: 127215 24961
totalizer -o^(m-s) or yi: 127327 24962
totalizer -o^(m-s) or yi: 127439 24963
totalizer -o^(m-s) or yi: 127551 24964
totalizer -o^(m-s) or yi: 127663 24965
totalizer -o^(m-s) or yi: 127775 24966
totalizer -o^(m-s) or yi: 127887 24967
totalizer -o^(m-s) or yi: 127999 24968
totalizer -o^(m-s) or yi: 128111 24969
totalizer -o^(m-s) or yi: 128223 24970
totalizer -o^(m-s) or yi: 128335 24971
totalizer -o^(m-s) or yi: 128447 24972
totalizer -o^(m-s) or yi: 128559 24973
totalizer -o^(m-s) or yi: 128671 24974
totalizer -o^(m-s) or yi: 128783 24975
totalizer -o^(m-s) or yi: 128895 24976
totalizer -o^(m-s) or yi: 129007 24977
totalizer -o^(m-s) or yi: 129119 24978
totalizer -o^(m-s) or yi: 129231 24979
totalizer -o^(m-s) or yi: 129343 24980
totalizer -o^(m-s) or yi: 129455 24981
totalizer -o^(m-s) or yi: 129567 24982
totalizer -o^(m-s) or yi: 129679 24983
totalizer -o^(m-s) or yi: 129791 24984
totalizer -o^(m-s) or yi: 129903 24985
totalizer -o^(m-s) or yi: 130015 24986
totalizer -o^(m-s) or yi: 130127 24987
totalizer -o^(m-s) or yi: 130239 24988
totalizer -o^(m-s) or yi: 130351 24989
totalizer -o^(m-s) or yi: 130463 24990
totalizer -o^(m-s) or yi: 130575 24991
totalizer -o^(m-s) or yi: 130687 24992
totalizer -o^(m-s) or yi: 130799 24993
totalizer -o^(m-s) or yi: 130911 24994
totalizer -o^(m-s) or yi: 131023 24995
totalizer -o^(m-s) or yi: 131135 24996
totalizer -o^(m-s) or yi: 131247 24997
totalizer -o^(m-s) or yi: 131359 24998
totalizer -o^(m-s) or yi: 131471 24999
totalizer -o^(m-s) or yi: 131583 25000
totalizer -o^(m-s) or yi: 131695 25001
totalizer -o^(m-s) or yi: 131807 25002
totalizer -o^(m-s) or yi: 131919 25003
totalizer -o^(m-s) or yi: 132031 25004
totalizer -o^(m-s) or yi: 132143 25005
totalizer -o^(m-s) or yi: 132255 25006
totalizer -o^(m-s) or yi: 132367 25007
totalizer -o^(m-s) or yi: 132479 25008
totalizer -o^(m-s) or yi: 132591 25009
totalizer -o^(m-s) or yi: 132703 25010
totalizer -o^(m-s) or yi: 132815 25011
totalizer -o^(m-s) or yi: 132927 25012
totalizer -o^(m-s) or yi: 133039 25013
totalizer -o^(m-s) or yi: 133151 25014
totalizer -o^(m-s) or yi: 133263 25015
totalizer -o^(m-s) or yi: 133375 25016
totalizer -o^(m-s) or yi: 133487 25017
totalizer -o^(m-s) or yi: 133599 25018
totalizer -o^(m-s) or yi: 133711 25019
totalizer -o^(m-s) or yi: 133823 25020
totalizer -o^(m-s) or yi: 133935 25021
totalizer -o^(m-s) or yi: 134047 25022
totalizer -o^(m-s) or yi: 134159 25023
totalizer -o^(m-s) or yi: 134271 25024
totalizer -o^(m-s) or yi: 134383 25025
totalizer -o^(m-s) or yi: 134495 25026
totalizer -o^(m-s) or yi: 134607 25027
totalizer -o^(m-s) or yi: 134719 25028
totalizer -o^(m-s) or yi: 134831 25029
totalizer -o^(m-s) or yi: 134943 25030
totalizer -o^(m-s) or yi: 135055 25031
totalizer -o^(m-s) or yi: 135167 25032
totalizer -o^(m-s) or yi: 135279 25033
totalizer -o^(m-s) or yi: 135391 25034
totalizer -o^(m-s) or yi: 135503 25035
totalizer -o^(m-s) or yi: 135615 25036
totalizer -o^(m-s) or yi: 135727 25037
totalizer -o^(m-s) or yi: 135839 25038
totalizer -o^(m-s) or yi: 135951 25039
totalizer -o^(m-s) or yi: 136063 25040
totalizer -o^(m-s) or yi: 136175 25041
totalizer -o^(m-s) or yi: 136287 25042
totalizer -o^(m-s) or yi: 136399 25043
totalizer -o^(m-s) or yi: 136511 25044
totalizer -o^(m-s) or yi: 136623 25045
totalizer -o^(m-s) or yi: 136735 25046
totalizer -o^(m-s) or yi: 136847 25047
totalizer -o^(m-s) or yi: 136959 25048
c Instance: ../../experiments/MWCB-data/instances/orig/power_1000_24_3.csv
c Dimacs Vars: 147024
c Dimacs Clauses: 0
c Dimacs Top: 112
c HARD: #Clauses = 393505, Total Lits = 1064005, Ave Len = 2.7039 #units = 1
c SOFT: #Clauses = 0, Total Lits = 0, Ave Len = 0.0000
c Total Soft Clause Weight (+ basecost): 0 (+ 0)
c SOFT%: 0.0000%
c #distinct weights: 0, mean = 0.0000, std. dev = 0.0000, min = 0, max = 0
c Total Clauses: 393505
c Parse time: 0.039443
c Wcnf Space Required: 4.0000MB
c ================================
c After WCNF Simplification
c HARD: #Clauses = 393504, Total Lits = 1064004, Ave Len = 2.7039
c SOFT: #Clauses = 0, Total Lits = 0, Ave Len = -nan
c Total Soft Clause Weight (+ basecost): 0 (+ 0), Dimacs Top = 112
c #distinct weights: 0, mean = 0.0000, std. dev = 0.0000, min = 0, max = 0
c Total Clauses: 393504
c Wcnf Space Required: 4.2560MB
c ================================
c Using IBM CPLEX version 22.1.1.0 under IBM's Academic Initiative licencing program
c Before solving sat solver has 393503 clauses: 0 redundant, 393503 irredundant.
c CPLEX: += 0 Average size = 0.0000
c Cplex solve passed UB = 0.000000 current LB = 0.000000
Cplex found standard solution  WITHIN TOLERANCE
c CPLEX returns incumbent with cost 0 and lower bound of 97 time = 0.0167
c CPLEX solution cost = 0 lower bound = 97
c after CPLEX bnds: LB = 97 UB = 112 gap = 15
printing out the positively assigned y_vars

SAT solve: T and the conflict: [ ] (0)
k, t, s 2 2 2
Lower and upper bound vectors [ 0.001000 0.028367 0.004900 0.008467 0.000933 0.003867 0.024467 0.005033 0.017967 0.016100 0.024700 0.000000 0.017033 0.016067 0.007533 0.013667 0.000200 0.011733 0.022367 0.025733 0.004367 0.017033 0.019033 0.005900 ] (24)[ 4.338400 3.761767 2.752833 2.457267 2.451667 2.374700 3.199867 3.914533 3.752433 3.391300 4.073967 4.383133 4.462567 4.238433 4.118500 4.386900 4.536567 4.702833 5.084933 5.887200 5.010267 5.230267 4.563900 4.148433 ] (24) with cost 96.926200
c Solved by CPLEX model.
o 97
mwcb 96.926200
s OPTIMUM FOUND
totalizer -o^(m-s) or yi: 25071 24049
totalizer -o^(m-s) or yi: 25183 24050
totalizer -o^(m-s) or yi: 25295 24051
totalizer -o^(m-s) or yi: 25407 24052
totalizer -o^(m-s) or yi: 25519 24053
totalizer -o^(m-s) or yi: 25631 24054
totalizer -o^(m-s) or yi: 25743 24055
totalizer -o^(m-s) or yi: 25855 24056
totalizer -o^(m-s) or yi: 25967 24057
totalizer -o^(m-s) or yi: 26079 24058
totalizer -o^(m-s) or yi: 26191 24059
totalizer -o^(m-s) or yi: 26303 24060
totalizer -o^(m-s) or yi: 26415 24061
totalizer -o^(m-s) or yi: 26527 24062
totalizer -o^(m-s) or yi: 26639 24063
totalizer -o^(m-s) or yi: 26751 24064
totalizer -o^(m-s) or yi: 26863 24065
totalizer -o^(m-s) or yi: 26975 24066
totalizer -o^(m-s) or yi: 27087 24067
totalizer -o^(m-s) or yi: 27199 24068
totalizer -o^(m-s) or yi: 27311 24069
totalizer -o^(m-s) or yi: 27423 24070
totalizer -o^(m-s) or yi: 27535 24071
totalizer -o^(m-s) or yi: 27647 24072
totalizer -o^(m-s) or yi: 27759 24073
totalizer -o^(m-s) or yi: 27871 24074
totalizer -o^(m-s) or yi: 27983 24075
totalizer -o^(m-s) or yi: 28095 24076
totalizer -o^(m-s) or yi: 28207 24077
totalizer -o^(m-s) or yi: 28319 24078
totalizer -o^(m-s) or yi: 28431 24079
totalizer -o^(m-s) or yi: 28543 24080
totalizer -o^(m-s) or yi: 28655 24081
totalizer -o^(m-s) or yi: 28767 24082
totalizer -o^(m-s) or yi: 28879 24083
totalizer -o^(m-s) or yi: 28991 24084
totalizer -o^(m-s) or yi: 29103 24085
totalizer -o^(m-s) or yi: 29215 24086
totalizer -o^(m-s) or yi: 29327 24087
totalizer -o^(m-s) or yi: 29439 24088
totalizer -o^(m-s) or yi: 29551 24089
totalizer -o^(m-s) or yi: 29663 24090
totalizer -o^(m-s) or yi: 29775 24091
totalizer -o^(m-s) or yi: 29887 24092
totalizer -o^(m-s) or yi: 29999 24093
totalizer -o^(m-s) or yi: 30111 24094
totalizer -o^(m-s) or yi: 30223 24095
totalizer -o^(m-s) or yi: 30335 24096
totalizer -o^(m-s) or yi: 30447 24097
totalizer -o^(m-s) or yi: 30559 24098
totalizer -o^(m-s) or yi: 30671 24099
totalizer -o^(m-s) or yi: 30783 24100
totalizer -o^(m-s) or yi: 30895 24101
totalizer -o^(m-s) or yi: 31007 24102
totalizer -o^(m-s) or yi: 31119 24103
totalizer -o^(m-s) or yi: 31231 24104
totalizer -o^(m-s) or yi: 31343 24105
totalizer -o^(m-s) or yi: 31455 24106
totalizer -o^(m-s) or yi: 31567 24107
totalizer -o^(m-s) or yi: 31679 24108
totalizer -o^(m-s) or yi: 31791 24109
totalizer -o^(m-s) or yi: 31903 24110
totalizer -o^(m-s) or yi: 32015 24111
totalizer -o^(m-s) or yi: 32127 24112
totalizer -o^(m-s) or yi: 32239 24113
totalizer -o^(m-s) or yi: 32351 24114
totalizer -o^(m-s) or yi: 32463 24115
totalizer -o^(m-s) or yi: 32575 24116
totalizer -o^(m-s) or yi: 32687 24117
totalizer -o^(m-s) or yi: 32799 24118
totalizer -o^(m-s) or yi: 32911 24119
totalizer -o^(m-s) or yi: 33023 24120
totalizer -o^(m-s) or yi: 33135 24121
totalizer -o^(m-s) or yi: 33247 24122
totalizer -o^(m-s) or yi: 33359 24123
totalizer -o^(m-s) or yi: 33471 24124
totalizer -o^(m-s) or yi: 33583 24125
totalizer -o^(m-s) or yi: 33695 24126
totalizer -o^(m-s) or yi: 33807 24127
totalizer -o^(m-s) or yi: 33919 24128
totalizer -o^(m-s) or yi: 34031 24129
totalizer -o^(m-s) or yi: 34143 24130
totalizer -o^(m-s) or yi: 34255 24131
totalizer -o^(m-s) or yi: 34367 24132
totalizer -o^(m-s) or yi: 34479 24133
totalizer -o^(m-s) or yi: 34591 24134
totalizer -o^(m-s) or yi: 34703 24135
totalizer -o^(m-s) or yi: 34815 24136
totalizer -o^(m-s) or yi: 34927 24137
totalizer -o^(m-s) or yi: 35039 24138
totalizer -o^(m-s) or yi: 35151 24139
totalizer -o^(m-s) or yi: 35263 24140
totalizer -o^(m-s) or yi: 35375 24141
totalizer -o^(m-s) or yi: 35487 24142
totalizer -o^(m-s) or yi: 35599 24143
totalizer -o^(m-s) or yi: 35711 24144
totalizer -o^(m-s) or yi: 35823 24145
totalizer -o^(m-s) or yi: 35935 24146
totalizer -o^(m-s) or yi: 36047 24147
totalizer -o^(m-s) or yi: 36159 24148
totalizer -o^(m-s) or yi: 36271 24149
totalizer -o^(m-s) or yi: 36383 24150
totalizer -o^(m-s) or yi: 36495 24151
totalizer -o^(m-s) or yi: 36607 24152
totalizer -o^(m-s) or yi: 36719 24153
totalizer -o^(m-s) or yi: 36831 24154
totalizer -o^(m-s) or yi: 36943 24155
totalizer -o^(m-s) or yi: 37055 24156
totalizer -o^(m-s) or yi: 37167 24157
totalizer -o^(m-s) or yi: 37279 24158
totalizer -o^(m-s) or yi: 37391 24159
totalizer -o^(m-s) or yi: 37503 24160
totalizer -o^(m-s) or yi: 37615 24161
totalizer -o^(m-s) or yi: 37727 24162
totalizer -o^(m-s) or yi: 37839 24163
totalizer -o^(m-s) or yi: 37951 24164
totalizer -o^(m-s) or yi: 38063 24165
totalizer -o^(m-s) or yi: 38175 24166
totalizer -o^(m-s) or yi: 38287 24167
totalizer -o^(m-s) or yi: 38399 24168
totalizer -o^(m-s) or yi: 38511 24169
totalizer -o^(m-s) or yi: 38623 24170
totalizer -o^(m-s) or yi: 38735 24171
totalizer -o^(m-s) or yi: 38847 24172
totalizer -o^(m-s) or yi: 38959 24173
totalizer -o^(m-s) or yi: 39071 24174
totalizer -o^(m-s) or yi: 39183 24175
totalizer -o^(m-s) or yi: 39295 24176
totalizer -o^(m-s) or yi: 39407 24177
totalizer -o^(m-s) or yi: 39519 24178
totalizer -o^(m-s) or yi: 39631 24179
totalizer -o^(m-s) or yi: 39743 24180
totalizer -o^(m-s) or yi: 39855 24181
totalizer -o^(m-s) or yi: 39967 24182
totalizer -o^(m-s) or yi: 40079 24183
totalizer -o^(m-s) or yi: 40191 24184
totalizer -o^(m-s) or yi: 40303 24185
totalizer -o^(m-s) or yi: 40415 24186
totalizer -o^(m-s) or yi: 40527 24187
totalizer -o^(m-s) or yi: 40639 24188
totalizer -o^(m-s) or yi: 40751 24189
totalizer -o^(m-s) or yi: 40863 24190
totalizer -o^(m-s) or yi: 40975 24191
totalizer -o^(m-s) or yi: 41087 24192
totalizer -o^(m-s) or yi: 41199 24193
totalizer -o^(m-s) or yi: 41311 24194
totalizer -o^(m-s) or yi: 41423 24195
totalizer -o^(m-s) or yi: 41535 24196
totalizer -o^(m-s) or yi: 41647 24197
totalizer -o^(m-s) or yi: 41759 24198
totalizer -o^(m-s) or yi: 41871 24199
totalizer -o^(m-s) or yi: 41983 24200
totalizer -o^(m-s) or yi: 42095 24201
totalizer -o^(m-s) or yi: 42207 24202
totalizer -o^(m-s) or yi: 42319 24203
totalizer -o^(m-s) or yi: 42431 24204
totalizer -o^(m-s) or yi: 42543 24205
totalizer -o^(m-s) or yi: 42655 24206
totalizer -o^(m-s) or yi: 42767 24207
totalizer -o^(m-s) or yi: 42879 24208
totalizer -o^(m-s) or yi: 42991 24209
totalizer -o^(m-s) or yi: 43103 24210
totalizer -o^(m-s) or yi: 43215 24211
totalizer -o^(m-s) or yi: 43327 24212
totalizer -o^(m-s) or yi: 43439 24213
totalizer -o^(m-s) or yi: 43551 24214
totalizer -o^(m-s) or yi: 43663 24215
totalizer -o^(m-s) or yi: 43775 24216
totalizer -o^(m-s) or yi: 43887 24217
totalizer -o^(m-s) or yi: 43999 24218
totalizer -o^(m-s) or yi: 44111 24219
totalizer -o^(m-s) or yi: 44223 24220
totalizer -o^(m-s) or yi: 44335 24221
totalizer -o^(m-s) or yi: 44447 24222
totalizer -o^(m-s) or yi: 44559 24223
totalizer -o^(m-s) or yi: 44671 24224
totalizer -o^(m-s) or yi: 44783 24225
totalizer -o^(m-s) or yi: 44895 24226
totalizer -o^(m-s) or yi: 45007 24227
totalizer -o^(m-s) or yi: 45119 24228
totalizer -o^(m-s) or yi: 45231 24229
totalizer -o^(m-s) or yi: 45343 24230
totalizer -o^(m-s) or yi: 45455 24231
totalizer -o^(m-s) or yi: 45567 24232
totalizer -o^(m-s) or yi: 45679 24233
totalizer -o^(m-s) or yi: 45791 24234
totalizer -o^(m-s) or yi: 45903 24235
totalizer -o^(m-s) or yi: 46015 24236
totalizer -o^(m-s) or yi: 46127 24237
totalizer -o^(m-s) or yi: 46239 24238
totalizer -o^(m-s) or yi: 46351 24239
totalizer -o^(m-s) or yi: 46463 24240
totalizer -o^(m-s) or yi: 46575 24241
totalizer -o^(m-s) or yi: 46687 24242
totalizer -o^(m-s) or yi: 46799 24243
totalizer -o^(m-s) or yi: 46911 24244
totalizer -o^(m-s) or yi: 47023 24245
totalizer -o^(m-s) or yi: 47135 24246
totalizer -o^(m-s) or yi: 47247 24247
totalizer -o^(m-s) or yi: 47359 24248
totalizer -o^(m-s) or yi: 47471 24249
totalizer -o^(m-s) or yi: 47583 24250
totalizer -o^(m-s) or yi: 47695 24251
totalizer -o^(m-s) or yi: 47807 24252
totalizer -o^(m-s) or yi: 47919 24253
totalizer -o^(m-s) or yi: 48031 24254
totalizer -o^(m-s) or yi: 48143 24255
totalizer -o^(m-s) or yi: 48255 24256
totalizer -o^(m-s) or yi: 48367 24257
totalizer -o^(m-s) or yi: 48479 24258
totalizer -o^(m-s) or yi: 48591 24259
totalizer -o^(m-s) or yi: 48703 24260
totalizer -o^(m-s) or yi: 48815 24261
totalizer -o^(m-s) or yi: 48927 24262
totalizer -o^(m-s) or yi: 49039 24263
totalizer -o^(m-s) or yi: 49151 24264
totalizer -o^(m-s) or yi: 49263 24265
totalizer -o^(m-s) or yi: 49375 24266
totalizer -o^(m-s) or yi: 49487 24267
totalizer -o^(m-s) or yi: 49599 24268
totalizer -o^(m-s) or yi: 49711 24269
totalizer -o^(m-s) or yi: 49823 24270
totalizer -o^(m-s) or yi: 49935 24271
totalizer -o^(m-s) or yi: 50047 24272
totalizer -o^(m-s) or yi: 50159 24273
totalizer -o^(m-s) or yi: 50271 24274
totalizer -o^(m-s) or yi: 50383 24275
totalizer -o^(m-s) or yi: 50495 24276
totalizer -o^(m-s) or yi: 50607 24277
totalizer -o^(m-s) or yi: 50719 24278
totalizer -o^(m-s) or yi: 50831 24279
totalizer -o^(m-s) or yi: 50943 24280
totalizer -o^(m-s) or yi: 51055 24281
totalizer -o^(m-s) or yi: 51167 24282
totalizer -o^(m-s) or yi: 51279 24283
totalizer -o^(m-s) or yi: 51391 24284
totalizer -o^(m-s) or yi: 51503 24285
totalizer -o^(m-s) or yi: 51615 24286
totalizer -o^(m-s) or yi: 51727 24287
totalizer -o^(m-s) or yi: 51839 24288
totalizer -o^(m-s) or yi: 51951 24289
totalizer -o^(m-s) or yi: 52063 24290
totalizer -o^(m-s) or yi: 52175 24291
totalizer -o^(m-s) or yi: 52287 24292
totalizer -o^(m-s) or yi: 52399 24293
totalizer -o^(m-s) or yi: 52511 24294
totalizer -o^(m-s) or yi: 52623 24295
totalizer -o^(m-s) or yi: 52735 24296
totalizer -o^(m-s) or yi: 52847 24297
totalizer -o^(m-s) or yi: 52959 24298
totalizer -o^(m-s) or yi: 53071 24299
totalizer -o^(m-s) or yi: 53183 24300
totalizer -o^(m-s) or yi: 53295 24301
totalizer -o^(m-s) or yi: 53407 24302
totalizer -o^(m-s) or yi: 53519 24303
totalizer -o^(m-s) or yi: 53631 24304
totalizer -o^(m-s) or yi: 53743 24305
totalizer -o^(m-s) or yi: 53855 24306
totalizer -o^(m-s) or yi: 53967 24307
totalizer -o^(m-s) or yi: 54079 24308
totalizer -o^(m-s) or yi: 54191 24309
totalizer -o^(m-s) or yi: 54303 24310
totalizer -o^(m-s) or yi: 54415 24311
totalizer -o^(m-s) or yi: 54527 24312
totalizer -o^(m-s) or yi: 54639 24313
totalizer -o^(m-s) or yi: 54751 24314
totalizer -o^(m-s) or yi: 54863 24315
totalizer -o^(m-s) or yi: 54975 24316
totalizer -o^(m-s) or yi: 55087 24317
totalizer -o^(m-s) or yi: 55199 24318
totalizer -o^(m-s) or yi: 55311 24319
totalizer -o^(m-s) or yi: 55423 24320
totalizer -o^(m-s) or yi: 55535 24321
totalizer -o^(m-s) or yi: 55647 24322
totalizer -o^(m-s) or yi: 55759 24323
totalizer -o^(m-s) or yi: 55871 24324
totalizer -o^(m-s) or yi: 55983 24325
totalizer -o^(m-s) or yi: 56095 24326
totalizer -o^(m-s) or yi: 56207 24327
totalizer -o^(m-s) or yi: 56319 24328
totalizer -o^(m-s) or yi: 56431 24329
totalizer -o^(m-s) or yi: 56543 24330
totalizer -o^(m-s) or yi: 56655 24331
totalizer -o^(m-s) or yi: 56767 24332
totalizer -o^(m-s) or yi: 56879 24333
totalizer -o^(m-s) or yi: 56991 24334
totalizer -o^(m-s) or yi: 57103 24335
totalizer -o^(m-s) or yi: 57215 24336
totalizer -o^(m-s) or yi: 57327 24337
totalizer -o^(m-s) or yi: 57439 24338
totalizer -o^(m-s) or yi: 57551 24339
totalizer -o^(m-s) or yi: 57663 24340
totalizer -o^(m-s) or yi: 57775 24341
totalizer -o^(m-s) or yi: 57887 24342
totalizer -o^(m-s) or yi: 57999 24343
totalizer -o^(m-s) or yi: 58111 24344
totalizer -o^(m-s) or yi: 58223 24345
totalizer -o^(m-s) or yi: 58335 24346
totalizer -o^(m-s) or yi: 58447 24347
totalizer -o^(m-s) or yi: 58559 24348
totalizer -o^(m-s) or yi: 58671 24349
totalizer -o^(m-s) or yi: 58783 24350
totalizer -o^(m-s) or yi: 58895 24351
totalizer -o^(m-s) or yi: 59007 24352
totalizer -o^(m-s) or yi: 59119 24353
totalizer -o^(m-s) or yi: 59231 24354
totalizer -o^(m-s) or yi: 59343 24355
totalizer -o^(m-s) or yi: 59455 24356
totalizer -o^(m-s) or yi: 59567 24357
totalizer -o^(m-s) or yi: 59679 24358
totalizer -o^(m-s) or yi: 59791 24359
totalizer -o^(m-s) or yi: 59903 24360
totalizer -o^(m-s) or yi: 60015 24361
totalizer -o^(m-s) or yi: 60127 24362
totalizer -o^(m-s) or yi: 60239 24363
totalizer -o^(m-s) or yi: 60351 24364
totalizer -o^(m-s) or yi: 60463 24365
totalizer -o^(m-s) or yi: 60575 24366
totalizer -o^(m-s) or yi: 60687 24367
totalizer -o^(m-s) or yi: 60799 24368
totalizer -o^(m-s) or yi: 60911 24369
totalizer -o^(m-s) or yi: 61023 24370
totalizer -o^(m-s) or yi: 61135 24371
totalizer -o^(m-s) or yi: 61247 24372
totalizer -o^(m-s) or yi: 61359 24373
totalizer -o^(m-s) or yi: 61471 24374
totalizer -o^(m-s) or yi: 61583 24375
totalizer -o^(m-s) or yi: 61695 24376
totalizer -o^(m-s) or yi: 61807 24377
totalizer -o^(m-s) or yi: 61919 24378
totalizer -o^(m-s) or yi: 62031 24379
totalizer -o^(m-s) or yi: 62143 24380
totalizer -o^(m-s) or yi: 62255 24381
totalizer -o^(m-s) or yi: 62367 24382
totalizer -o^(m-s) or yi: 62479 24383
totalizer -o^(m-s) or yi: 62591 24384
totalizer -o^(m-s) or yi: 62703 24385
totalizer -o^(m-s) or yi: 62815 24386
totalizer -o^(m-s) or yi: 62927 24387
totalizer -o^(m-s) or yi: 63039 24388
totalizer -o^(m-s) or yi: 63151 24389
totalizer -o^(m-s) or yi: 63263 24390
totalizer -o^(m-s) or yi: 63375 24391
totalizer -o^(m-s) or yi: 63487 24392
totalizer -o^(m-s) or yi: 63599 24393
totalizer -o^(m-s) or yi: 63711 24394
totalizer -o^(m-s) or yi: 63823 24395
totalizer -o^(m-s) or yi: 63935 24396
totalizer -o^(m-s) or yi: 64047 24397
totalizer -o^(m-s) or yi: 64159 24398
totalizer -o^(m-s) or yi: 64271 24399
totalizer -o^(m-s) or yi: 64383 24400
totalizer -o^(m-s) or yi: 64495 24401
totalizer -o^(m-s) or yi: 64607 24402
totalizer -o^(m-s) or yi: 64719 24403
totalizer -o^(m-s) or yi: 64831 24404
totalizer -o^(m-s) or yi: 64943 24405
totalizer -o^(m-s) or yi: 65055 24406
totalizer -o^(m-s) or yi: 65167 24407
totalizer -o^(m-s) or yi: 65279 24408
totalizer -o^(m-s) or yi: 65391 24409
totalizer -o^(m-s) or yi: 65503 24410
totalizer -o^(m-s) or yi: 65615 24411
totalizer -o^(m-s) or yi: 65727 24412
totalizer -o^(m-s) or yi: 65839 24413
totalizer -o^(m-s) or yi: 65951 24414
totalizer -o^(m-s) or yi: 66063 24415
totalizer -o^(m-s) or yi: 66175 24416
totalizer -o^(m-s) or yi: 66287 24417
totalizer -o^(m-s) or yi: 66399 24418
totalizer -o^(m-s) or yi: 66511 24419
totalizer -o^(m-s) or yi: 66623 24420
totalizer -o^(m-s) or yi: 66735 24421
totalizer -o^(m-s) or yi: 66847 24422
totalizer -o^(m-s) or yi: 66959 24423
totalizer -o^(m-s) or yi: 67071 24424
totalizer -o^(m-s) or yi: 67183 24425
totalizer -o^(m-s) or yi: 67295 24426
totalizer -o^(m-s) or yi: 67407 24427
totalizer -o^(m-s) or yi: 67519 24428
totalizer -o^(m-s) or yi: 67631 24429
totalizer -o^(m-s) or yi: 67743 24430
totalizer -o^(m-s) or yi: 67855 24431
totalizer -o^(m-s) or yi: 67967 24432
totalizer -o^(m-s) or yi: 68079 24433
totalizer -o^(m-s) or yi: 68191 24434
totalizer -o^(m-s) or yi: 68303 24435
totalizer -o^(m-s) or yi: 68415 24436
totalizer -o^(m-s) or yi: 68527 24437
totalizer -o^(m-s) or yi: 68639 24438
totalizer -o^(m-s) or yi: 68751 24439
totalizer -o^(m-s) or yi: 68863 24440
totalizer -o^(m-s) or yi: 68975 24441
totalizer -o^(m-s) or yi: 69087 24442
totalizer -o^(m-s) or yi: 69199 24443
totalizer -o^(m-s) or yi: 69311 24444
totalizer -o^(m-s) or yi: 69423 24445
totalizer -o^(m-s) or yi: 69535 24446
totalizer -o^(m-s) or yi: 69647 24447
totalizer -o^(m-s) or yi: 69759 24448
totalizer -o^(m-s) or yi: 69871 24449
totalizer -o^(m-s) or yi: 69983 24450
totalizer -o^(m-s) or yi: 70095 24451
totalizer -o^(m-s) or yi: 70207 24452
totalizer -o^(m-s) or yi: 70319 24453
totalizer -o^(m-s) or yi: 70431 24454
totalizer -o^(m-s) or yi: 70543 24455
totalizer -o^(m-s) or yi: 70655 24456
totalizer -o^(m-s) or yi: 70767 24457
totalizer -o^(m-s) or yi: 70879 24458
totalizer -o^(m-s) or yi: 70991 24459
totalizer -o^(m-s) or yi: 71103 24460
totalizer -o^(m-s) or yi: 71215 24461
totalizer -o^(m-s) or yi: 71327 24462
totalizer -o^(m-s) or yi: 71439 24463
totalizer -o^(m-s) or yi: 71551 24464
totalizer -o^(m-s) or yi: 71663 24465
totalizer -o^(m-s) or yi: 71775 24466
totalizer -o^(m-s) or yi: 71887 24467
totalizer -o^(m-s) or yi: 71999 24468
totalizer -o^(m-s) or yi: 72111 24469
totalizer -o^(m-s) or yi: 72223 24470
totalizer -o^(m-s) or yi: 72335 24471
totalizer -o^(m-s) or yi: 72447 24472
totalizer -o^(m-s) or yi: 72559 24473
totalizer -o^(m-s) or yi: 72671 24474
totalizer -o^(m-s) or yi: 72783 24475
totalizer -o^(m-s) or yi: 72895 24476
totalizer -o^(m-s) or yi: 73007 24477
totalizer -o^(m-s) or yi: 73119 24478
totalizer -o^(m-s) or yi: 73231 24479
totalizer -o^(m-s) or yi: 73343 24480
totalizer -o^(m-s) or yi: 73455 24481
totalizer -o^(m-s) or yi: 73567 24482
totalizer -o^(m-s) or yi: 73679 24483
totalizer -o^(m-s) or yi: 73791 24484
totalizer -o^(m-s) or yi: 73903 24485
totalizer -o^(m-s) or yi: 74015 24486
totalizer -o^(m-s) or yi: 74127 24487
totalizer -o^(m-s) or yi: 74239 24488
totalizer -o^(m-s) or yi: 74351 24489
totalizer -o^(m-s) or yi: 74463 24490
totalizer -o^(m-s) or yi: 74575 24491
totalizer -o^(m-s) or yi: 74687 24492
totalizer -o^(m-s) or yi: 74799 24493
totalizer -o^(m-s) or yi: 74911 24494
totalizer -o^(m-s) or yi: 75023 24495
totalizer -o^(m-s) or yi: 75135 24496
totalizer -o^(m-s) or yi: 75247 24497
totalizer -o^(m-s) or yi: 75359 24498
totalizer -o^(m-s) or yi: 75471 24499
totalizer -o^(m-s) or yi: 75583 24500
totalizer -o^(m-s) or yi: 75695 24501
totalizer -o^(m-s) or yi: 75807 24502
totalizer -o^(m-s) or yi: 75919 24503
totalizer -o^(m-s) or yi: 76031 24504
totalizer -o^(m-s) or yi: 76143 24505
totalizer -o^(m-s) or yi: 76255 24506
totalizer -o^(m-s) or yi: 76367 24507
totalizer -o^(m-s) or yi: 76479 24508
totalizer -o^(m-s) or yi: 76591 24509
totalizer -o^(m-s) or yi: 76703 24510
totalizer -o^(m-s) or yi: 76815 24511
totalizer -o^(m-s) or yi: 76927 24512
totalizer -o^(m-s) or yi: 77039 24513
totalizer -o^(m-s) or yi: 77151 24514
totalizer -o^(m-s) or yi: 77263 24515
totalizer -o^(m-s) or yi: 77375 24516
totalizer -o^(m-s) or yi: 77487 24517
totalizer -o^(m-s) or yi: 77599 24518
totalizer -o^(m-s) or yi: 77711 24519
totalizer -o^(m-s) or yi: 77823 24520
totalizer -o^(m-s) or yi: 77935 24521
totalizer -o^(m-s) or yi: 78047 24522
totalizer -o^(m-s) or yi: 78159 24523
totalizer -o^(m-s) or yi: 78271 24524
totalizer -o^(m-s) or yi: 78383 24525
totalizer -o^(m-s) or yi: 78495 24526
totalizer -o^(m-s) or yi: 78607 24527
totalizer -o^(m-s) or yi: 78719 24528
totalizer -o^(m-s) or yi: 78831 24529
totalizer -o^(m-s) or yi: 78943 24530
totalizer -o^(m-s) or yi: 79055 24531
totalizer -o^(m-s) or yi: 79167 24532
totalizer -o^(m-s) or yi: 79279 24533
totalizer -o^(m-s) or yi: 79391 24534
totalizer -o^(m-s) or yi: 79503 24535
totalizer -o^(m-s) or yi: 79615 24536
totalizer -o^(m-s) or yi: 79727 24537
totalizer -o^(m-s) or yi: 79839 24538
totalizer -o^(m-s) or yi: 79951 24539
totalizer -o^(m-s) or yi: 80063 24540
totalizer -o^(m-s) or yi: 80175 24541
totalizer -o^(m-s) or yi: 80287 24542
totalizer -o^(m-s) or yi: 80399 24543
totalizer -o^(m-s) or yi: 80511 24544
totalizer -o^(m-s) or yi: 80623 24545
totalizer -o^(m-s) or yi: 80735 24546
totalizer -o^(m-s) or yi: 80847 24547
totalizer -o^(m-s) or yi: 80959 24548
totalizer -o^(m-s) or yi: 81071 24549
totalizer -o^(m-s) or yi: 81183 24550
totalizer -o^(m-s) or yi: 81295 24551
totalizer -o^(m-s) or yi: 81407 24552
totalizer -o^(m-s) or yi: 81519 24553
totalizer -o^(m-s) or yi: 81631 24554
totalizer -o^(m-s) or yi: 81743 24555
totalizer -o^(m-s) or yi: 81855 24556
totalizer -o^(m-s) or yi: 81967 24557
totalizer -o^(m-s) or yi: 82079 24558
totalizer -o^(m-s) or yi: 82191 24559
totalizer -o^(m-s) or yi: 82303 24560
totalizer -o^(m-s) or yi: 82415 24561
totalizer -o^(m-s) or yi: 82527 24562
totalizer -o^(m-s) or yi: 82639 24563
totalizer -o^(m-s) or yi: 82751 24564
totalizer -o^(m-s) or yi: 82863 24565
totalizer -o^(m-s) or yi: 82975 24566
totalizer -o^(m-s) or yi: 83087 24567
totalizer -o^(m-s) or yi: 83199 24568
totalizer -o^(m-s) or yi: 83311 24569
totalizer -o^(m-s) or yi: 83423 24570
totalizer -o^(m-s) or yi: 83535 24571
totalizer -o^(m-s) or yi: 83647 24572
totalizer -o^(m-s) or yi: 83759 24573
totalizer -o^(m-s) or yi: 83871 24574
totalizer -o^(m-s) or yi: 83983 24575
totalizer -o^(m-s) or yi: 84095 24576
totalizer -o^(m-s) or yi: 84207 24577
totalizer -o^(m-s) or yi: 84319 24578
totalizer -o^(m-s) or yi: 84431 24579
totalizer -o^(m-s) or yi: 84543 24580
totalizer -o^(m-s) or yi: 84655 24581
totalizer -o^(m-s) or yi: 84767 24582
totalizer -o^(m-s) or yi: 84879 24583
totalizer -o^(m-s) or yi: 84991 24584
totalizer -o^(m-s) or yi: 85103 24585
totalizer -o^(m-s) or yi: 85215 24586
totalizer -o^(m-s) or yi: 85327 24587
totalizer -o^(m-s) or yi: 85439 24588
totalizer -o^(m-s) or yi: 85551 24589
totalizer -o^(m-s) or yi: 85663 24590
totalizer -o^(m-s) or yi: 85775 24591
totalizer -o^(m-s) or yi: 85887 24592
totalizer -o^(m-s) or yi: 85999 24593
totalizer -o^(m-s) or yi: 86111 24594
totalizer -o^(m-s) or yi: 86223 24595
totalizer -o^(m-s) or yi: 86335 24596
totalizer -o^(m-s) or yi: 86447 24597
totalizer -o^(m-s) or yi: 86559 24598
totalizer -o^(m-s) or yi: 86671 24599
totalizer -o^(m-s) or yi: 86783 24600
totalizer -o^(m-s) or yi: 86895 24601
totalizer -o^(m-s) or yi: 87007 24602
totalizer -o^(m-s) or yi: 87119 24603
totalizer -o^(m-s) or yi: 87231 24604
totalizer -o^(m-s) or yi: 87343 24605
totalizer -o^(m-s) or yi: 87455 24606
totalizer -o^(m-s) or yi: 87567 24607
totalizer -o^(m-s) or yi: 87679 24608
totalizer -o^(m-s) or yi: 87791 24609
totalizer -o^(m-s) or yi: 87903 24610
totalizer -o^(m-s) or yi: 88015 24611
totalizer -o^(m-s) or yi: 88127 24612
totalizer -o^(m-s) or yi: 88239 24613
totalizer -o^(m-s) or yi: 88351 24614
totalizer -o^(m-s) or yi: 88463 24615
totalizer -o^(m-s) or yi: 88575 24616
totalizer -o^(m-s) or yi: 88687 24617
totalizer -o^(m-s) or yi: 88799 24618
totalizer -o^(m-s) or yi: 88911 24619
totalizer -o^(m-s) or yi: 89023 24620
totalizer -o^(m-s) or yi: 89135 24621
totalizer -o^(m-s) or yi: 89247 24622
totalizer -o^(m-s) or yi: 89359 24623
totalizer -o^(m-s) or yi: 89471 24624
totalizer -o^(m-s) or yi: 89583 24625
totalizer -o^(m-s) or yi: 89695 24626
totalizer -o^(m-s) or yi: 89807 24627
totalizer -o^(m-s) or yi: 89919 24628
totalizer -o^(m-s) or yi: 90031 24629
totalizer -o^(m-s) or yi: 90143 24630
totalizer -o^(m-s) or yi: 90255 24631
totalizer -o^(m-s) or yi: 90367 24632
totalizer -o^(m-s) or yi: 90479 24633
totalizer -o^(m-s) or yi: 90591 24634
totalizer -o^(m-s) or yi: 90703 24635
totalizer -o^(m-s) or yi: 90815 24636
totalizer -o^(m-s) or yi: 90927 24637
totalizer -o^(m-s) or yi: 91039 24638
totalizer -o^(m-s) or yi: 91151 24639
totalizer -o^(m-s) or yi: 91263 24640
totalizer -o^(m-s) or yi: 91375 24641
totalizer -o^(m-s) or yi: 91487 24642
totalizer -o^(m-s) or yi: 91599 24643
totalizer -o^(m-s) or yi: 91711 24644
totalizer -o^(m-s) or yi: 91823 24645
totalizer -o^(m-s) or yi: 91935 24646
totalizer -o^(m-s) or yi: 92047 24647
totalizer -o^(m-s) or yi: 92159 24648
totalizer -o^(m-s) or yi: 92271 24649
totalizer -o^(m-s) or yi: 92383 24650
totalizer -o^(m-s) or yi: 92495 24651
totalizer -o^(m-s) or yi: 92607 24652
totalizer -o^(m-s) or yi: 92719 24653
totalizer -o^(m-s) or yi: 92831 24654
totalizer -o^(m-s) or yi: 92943 24655
totalizer -o^(m-s) or yi: 93055 24656
totalizer -o^(m-s) or yi: 93167 24657
totalizer -o^(m-s) or yi: 93279 24658
totalizer -o^(m-s) or yi: 93391 24659
totalizer -o^(m-s) or yi: 93503 24660
totalizer -o^(m-s) or yi: 93615 24661
totalizer -o^(m-s) or yi: 93727 24662
totalizer -o^(m-s) or yi: 93839 24663
totalizer -o^(m-s) or yi: 93951 24664
totalizer -o^(m-s) or yi: 94063 24665
totalizer -o^(m-s) or yi: 94175 24666
totalizer -o^(m-s) or yi: 94287 24667
totalizer -o^(m-s) or yi: 94399 24668
totalizer -o^(m-s) or yi: 94511 24669
totalizer -o^(m-s) or yi: 94623 24670
totalizer -o^(m-s) or yi: 94735 24671
totalizer -o^(m-s) or yi: 94847 24672
totalizer -o^(m-s) or yi: 94959 24673
totalizer -o^(m-s) or yi: 95071 24674
totalizer -o^(m-s) or yi: 95183 24675
totalizer -o^(m-s) or yi: 95295 24676
totalizer -o^(m-s) or yi: 95407 24677
totalizer -o^(m-s) or yi: 95519 24678
totalizer -o^(m-s) or yi: 95631 24679
totalizer -o^(m-s) or yi: 95743 24680
totalizer -o^(m-s) or yi: 95855 24681
totalizer -o^(m-s) or yi: 95967 24682
totalizer -o^(m-s) or yi: 96079 24683
totalizer -o^(m-s) or yi: 96191 24684
totalizer -o^(m-s) or yi: 96303 24685
totalizer -o^(m-s) or yi: 96415 24686
totalizer -o^(m-s) or yi: 96527 24687
totalizer -o^(m-s) or yi: 96639 24688
totalizer -o^(m-s) or yi: 96751 24689
totalizer -o^(m-s) or yi: 96863 24690
totalizer -o^(m-s) or yi: 96975 24691
totalizer -o^(m-s) or yi: 97087 24692
totalizer -o^(m-s) or yi: 97199 24693
totalizer -o^(m-s) or yi: 97311 24694
totalizer -o^(m-s) or yi: 97423 24695
totalizer -o^(m-s) or yi: 97535 24696
totalizer -o^(m-s) or yi: 97647 24697
totalizer -o^(m-s) or yi: 97759 24698
totalizer -o^(m-s) or yi: 97871 24699
totalizer -o^(m-s) or yi: 97983 24700
totalizer -o^(m-s) or yi: 98095 24701
totalizer -o^(m-s) or yi: 98207 24702
totalizer -o^(m-s) or yi: 98319 24703
totalizer -o^(m-s) or yi: 98431 24704
totalizer -o^(m-s) or yi: 98543 24705
totalizer -o^(m-s) or yi: 98655 24706
totalizer -o^(m-s) or yi: 98767 24707
totalizer -o^(m-s) or yi: 98879 24708
totalizer -o^(m-s) or yi: 98991 24709
totalizer -o^(m-s) or yi: 99103 24710
totalizer -o^(m-s) or yi: 99215 24711
totalizer -o^(m-s) or yi: 99327 24712
totalizer -o^(m-s) or yi: 99439 24713
totalizer -o^(m-s) or yi: 99551 24714
totalizer -o^(m-s) or yi: 99663 24715
totalizer -o^(m-s) or yi: 99775 24716
totalizer -o^(m-s) or yi: 99887 24717
totalizer -o^(m-s) or yi: 99999 24718
totalizer -o^(m-s) or yi: 100111 24719
totalizer -o^(m-s) or yi: 100223 24720
totalizer -o^(m-s) or yi: 100335 24721
totalizer -o^(m-s) or yi: 100447 24722
totalizer -o^(m-s) or yi: 100559 24723
totalizer -o^(m-s) or yi: 100671 24724
totalizer -o^(m-s) or yi: 100783 24725
totalizer -o^(m-s) or yi: 100895 24726
totalizer -o^(m-s) or yi: 101007 24727
totalizer -o^(m-s) or yi: 101119 24728
totalizer -o^(m-s) or yi: 101231 24729
totalizer -o^(m-s) or yi: 101343 24730
totalizer -o^(m-s) or yi: 101455 24731
totalizer -o^(m-s) or yi: 101567 24732
totalizer -o^(m-s) or yi: 101679 24733
totalizer -o^(m-s) or yi: 101791 24734
totalizer -o^(m-s) or yi: 101903 24735
totalizer -o^(m-s) or yi: 102015 24736
totalizer -o^(m-s) or yi: 102127 24737
totalizer -o^(m-s) or yi: 102239 24738
totalizer -o^(m-s) or yi: 102351 24739
totalizer -o^(m-s) or yi: 102463 24740
totalizer -o^(m-s) or yi: 102575 24741
totalizer -o^(m-s) or yi: 102687 24742
totalizer -o^(m-s) or yi: 102799 24743
totalizer -o^(m-s) or yi: 102911 24744
totalizer -o^(m-s) or yi: 103023 24745
totalizer -o^(m-s) or yi: 103135 24746
totalizer -o^(m-s) or yi: 103247 24747
totalizer -o^(m-s) or yi: 103359 24748
totalizer -o^(m-s) or yi: 103471 24749
totalizer -o^(m-s) or yi: 103583 24750
totalizer -o^(m-s) or yi: 103695 24751
totalizer -o^(m-s) or yi: 103807 24752
totalizer -o^(m-s) or yi: 103919 24753
totalizer -o^(m-s) or yi: 104031 24754
totalizer -o^(m-s) or yi: 104143 24755
totalizer -o^(m-s) or yi: 104255 24756
totalizer -o^(m-s) or yi: 104367 24757
totalizer -o^(m-s) or yi: 104479 24758
totalizer -o^(m-s) or yi: 104591 24759
totalizer -o^(m-s) or yi: 104703 24760
totalizer -o^(m-s) or yi: 104815 24761
totalizer -o^(m-s) or yi: 104927 24762
totalizer -o^(m-s) or yi: 105039 24763
totalizer -o^(m-s) or yi: 105151 24764
totalizer -o^(m-s) or yi: 105263 24765
totalizer -o^(m-s) or yi: 105375 24766
totalizer -o^(m-s) or yi: 105487 24767
totalizer -o^(m-s) or yi: 105599 24768
totalizer -o^(m-s) or yi: 105711 24769
totalizer -o^(m-s) or yi: 105823 24770
totalizer -o^(m-s) or yi: 105935 24771
totalizer -o^(m-s) or yi: 106047 24772
totalizer -o^(m-s) or yi: 106159 24773
totalizer -o^(m-s) or yi: 106271 24774
totalizer -o^(m-s) or yi: 106383 24775
totalizer -o^(m-s) or yi: 106495 24776
totalizer -o^(m-s) or yi: 106607 24777
totalizer -o^(m-s) or yi: 106719 24778
totalizer -o^(m-s) or yi: 106831 24779
totalizer -o^(m-s) or yi: 106943 24780
totalizer -o^(m-s) or yi: 107055 24781
totalizer -o^(m-s) or yi: 107167 24782
totalizer -o^(m-s) or yi: 107279 24783
totalizer -o^(m-s) or yi: 107391 24784
totalizer -o^(m-s) or yi: 107503 24785
totalizer -o^(m-s) or yi: 107615 24786
totalizer -o^(m-s) or yi: 107727 24787
totalizer -o^(m-s) or yi: 107839 24788
totalizer -o^(m-s) or yi: 107951 24789
totalizer -o^(m-s) or yi: 108063 24790
totalizer -o^(m-s) or yi: 108175 24791
totalizer -o^(m-s) or yi: 108287 24792
totalizer -o^(m-s) or yi: 108399 24793
totalizer -o^(m-s) or yi: 108511 24794
totalizer -o^(m-s) or yi: 108623 24795
totalizer -o^(m-s) or yi: 108735 24796
totalizer -o^(m-s) or yi: 108847 24797
totalizer -o^(m-s) or yi: 108959 24798
totalizer -o^(m-s) or yi: 109071 24799
totalizer -o^(m-s) or yi: 109183 24800
totalizer -o^(m-s) or yi: 109295 24801
totalizer -o^(m-s) or yi: 109407 24802
totalizer -o^(m-s) or yi: 109519 24803
totalizer -o^(m-s) or yi: 109631 24804
totalizer -o^(m-s) or yi: 109743 24805
totalizer -o^(m-s) or yi: 109855 24806
totalizer -o^(m-s) or yi: 109967 24807
totalizer -o^(m-s) or yi: 110079 24808
totalizer -o^(m-s) or yi: 110191 24809
totalizer -o^(m-s) or yi: 110303 24810
totalizer -o^(m-s) or yi: 110415 24811
totalizer -o^(m-s) or yi: 110527 24812
totalizer -o^(m-s) or yi: 110639 24813
totalizer -o^(m-s) or yi: 110751 24814
totalizer -o^(m-s) or yi: 110863 24815
totalizer -o^(m-s) or yi: 110975 24816
totalizer -o^(m-s) or yi: 111087 24817
totalizer -o^(m-s) or yi: 111199 24818
totalizer -o^(m-s) or yi: 111311 24819
totalizer -o^(m-s) or yi: 111423 24820
totalizer -o^(m-s) or yi: 111535 24821
totalizer -o^(m-s) or yi: 111647 24822
totalizer -o^(m-s) or yi: 111759 24823
totalizer -o^(m-s) or yi: 111871 24824
totalizer -o^(m-s) or yi: 111983 24825
totalizer -o^(m-s) or yi: 112095 24826
totalizer -o^(m-s) or yi: 112207 24827
totalizer -o^(m-s) or yi: 112319 24828
totalizer -o^(m-s) or yi: 112431 24829
totalizer -o^(m-s) or yi: 112543 24830
totalizer -o^(m-s) or yi: 112655 24831
totalizer -o^(m-s) or yi: 112767 24832
totalizer -o^(m-s) or yi: 112879 24833
totalizer -o^(m-s) or yi: 112991 24834
totalizer -o^(m-s) or yi: 113103 24835
totalizer -o^(m-s) or yi: 113215 24836
totalizer -o^(m-s) or yi: 113327 24837
totalizer -o^(m-s) or yi: 113439 24838
totalizer -o^(m-s) or yi: 113551 24839
totalizer -o^(m-s) or yi: 113663 24840
totalizer -o^(m-s) or yi: 113775 24841
totalizer -o^(m-s) or yi: 113887 24842
totalizer -o^(m-s) or yi: 113999 24843
totalizer -o^(m-s) or yi: 114111 24844
totalizer -o^(m-s) or yi: 114223 24845
totalizer -o^(m-s) or yi: 114335 24846
totalizer -o^(m-s) or yi: 114447 24847
totalizer -o^(m-s) or yi: 114559 24848
totalizer -o^(m-s) or yi: 114671 24849
totalizer -o^(m-s) or yi: 114783 24850
totalizer -o^(m-s) or yi: 114895 24851
totalizer -o^(m-s) or yi: 115007 24852
totalizer -o^(m-s) or yi: 115119 24853
totalizer -o^(m-s) or yi: 115231 24854
totalizer -o^(m-s) or yi: 115343 24855
totalizer -o^(m-s) or yi: 115455 24856
totalizer -o^(m-s) or yi: 115567 24857
totalizer -o^(m-s) or yi: 115679 24858
totalizer -o^(m-s) or yi: 115791 24859
totalizer -o^(m-s) or yi: 115903 24860
totalizer -o^(m-s) or yi: 116015 24861
totalizer -o^(m-s) or yi: 116127 24862
totalizer -o^(m-s) or yi: 116239 24863
totalizer -o^(m-s) or yi: 116351 24864
totalizer -o^(m-s) or yi: 116463 24865
totalizer -o^(m-s) or yi: 116575 24866
totalizer -o^(m-s) or yi: 116687 24867
totalizer -o^(m-s) or yi: 116799 24868
totalizer -o^(m-s) or yi: 116911 24869
totalizer -o^(m-s) or yi: 117023 24870
totalizer -o^(m-s) or yi: 117135 24871
totalizer -o^(m-s) or yi: 117247 24872
totalizer -o^(m-s) or yi: 117359 24873
totalizer -o^(m-s) or yi: 117471 24874
totalizer -o^(m-s) or yi: 117583 24875
totalizer -o^(m-s) or yi: 117695 24876
totalizer -o^(m-s) or yi: 117807 24877
totalizer -o^(m-s) or yi: 117919 24878
totalizer -o^(m-s) or yi: 118031 24879
totalizer -o^(m-s) or yi: 118143 24880
totalizer -o^(m-s) or yi: 118255 24881
totalizer -o^(m-s) or yi: 118367 24882
totalizer -o^(m-s) or yi: 118479 24883
totalizer -o^(m-s) or yi: 118591 24884
totalizer -o^(m-s) or yi: 118703 24885
totalizer -o^(m-s) or yi: 118815 24886
totalizer -o^(m-s) or yi: 118927 24887
totalizer -o^(m-s) or yi: 119039 24888
totalizer -o^(m-s) or yi: 119151 24889
totalizer -o^(m-s) or yi: 119263 24890
totalizer -o^(m-s) or yi: 119375 24891
totalizer -o^(m-s) or yi: 119487 24892
totalizer -o^(m-s) or yi: 119599 24893
totalizer -o^(m-s) or yi: 119711 24894
totalizer -o^(m-s) or yi: 119823 24895
totalizer -o^(m-s) or yi: 119935 24896
totalizer -o^(m-s) or yi: 120047 24897
totalizer -o^(m-s) or yi: 120159 24898
totalizer -o^(m-s) or yi: 120271 24899
totalizer -o^(m-s) or yi: 120383 24900
totalizer -o^(m-s) or yi: 120495 24901
totalizer -o^(m-s) or yi: 120607 24902
totalizer -o^(m-s) or yi: 120719 24903
totalizer -o^(m-s) or yi: 120831 24904
totalizer -o^(m-s) or yi: 120943 24905
totalizer -o^(m-s) or yi: 121055 24906
totalizer -o^(m-s) or yi: 121167 24907
totalizer -o^(m-s) or yi: 121279 24908
totalizer -o^(m-s) or yi: 121391 24909
totalizer -o^(m-s) or yi: 121503 24910
totalizer -o^(m-s) or yi: 121615 24911
totalizer -o^(m-s) or yi: 121727 24912
totalizer -o^(m-s) or yi: 121839 24913
totalizer -o^(m-s) or yi: 121951 24914
totalizer -o^(m-s) or yi: 122063 24915
totalizer -o^(m-s) or yi: 122175 24916
totalizer -o^(m-s) or yi: 122287 24917
totalizer -o^(m-s) or yi: 122399 24918
totalizer -o^(m-s) or yi: 122511 24919
totalizer -o^(m-s) or yi: 122623 24920
totalizer -o^(m-s) or yi: 122735 24921
totalizer -o^(m-s) or yi: 122847 24922
totalizer -o^(m-s) or yi: 122959 24923
totalizer -o^(m-s) or yi: 123071 24924
totalizer -o^(m-s) or yi: 123183 24925
totalizer -o^(m-s) or yi: 123295 24926
totalizer -o^(m-s) or yi: 123407 24927
totalizer -o^(m-s) or yi: 123519 24928
totalizer -o^(m-s) or yi: 123631 24929
totalizer -o^(m-s) or yi: 123743 24930
totalizer -o^(m-s) or yi: 123855 24931
totalizer -o^(m-s) or yi: 123967 24932
totalizer -o^(m-s) or yi: 124079 24933
totalizer -o^(m-s) or yi: 124191 24934
totalizer -o^(m-s) or yi: 124303 24935
totalizer -o^(m-s) or yi: 124415 24936
totalizer -o^(m-s) or yi: 124527 24937
totalizer -o^(m-s) or yi: 124639 24938
totalizer -o^(m-s) or yi: 124751 24939
totalizer -o^(m-s) or yi: 124863 24940
totalizer -o^(m-s) or yi: 124975 24941
totalizer -o^(m-s) or yi: 125087 24942
totalizer -o^(m-s) or yi: 125199 24943
totalizer -o^(m-s) or yi: 125311 24944
totalizer -o^(m-s) or yi: 125423 24945
totalizer -o^(m-s) or yi: 125535 24946
totalizer -o^(m-s) or yi: 125647 24947
totalizer -o^(m-s) or yi: 125759 24948
totalizer -o^(m-s) or yi: 125871 24949
totalizer -o^(m-s) or yi: 125983 24950
totalizer -o^(m-s) or yi: 126095 24951
totalizer -o^(m-s) or yi: 126207 24952
totalizer -o^(m-s) or yi: 126319 24953
totalizer -o^(m-s) or yi: 126431 24954
totalizer -o^(m-s) or yi: 126543 24955
totalizer -o^(m-s) or yi: 126655 24956
totalizer -o^(m-s) or yi: 126767 24957
totalizer -o^(m-s) or yi: 126879 24958
totalizer -o^(m-s) or yi: 126991 24959
totalizer -o^(m-s) or yi: 127103 24960
totalizer -o^(m-s) or yi: 127215 24961
totalizer -o^(m-s) or yi: 127327 24962
totalizer -o^(m-s) or yi: 127439 24963
totalizer -o^(m-s) or yi: 127551 24964
totalizer -o^(m-s) or yi: 127663 24965
totalizer -o^(m-s) or yi: 127775 24966
totalizer -o^(m-s) or yi: 127887 24967
totalizer -o^(m-s) or yi: 127999 24968
totalizer -o^(m-s) or yi: 128111 24969
totalizer -o^(m-s) or yi: 128223 24970
totalizer -o^(m-s) or yi: 128335 24971
totalizer -o^(m-s) or yi: 128447 24972
totalizer -o^(m-s) or yi: 128559 24973
totalizer -o^(m-s) or yi: 128671 24974
totalizer -o^(m-s) or yi: 128783 24975
totalizer -o^(m-s) or yi: 128895 24976
totalizer -o^(m-s) or yi: 129007 24977
totalizer -o^(m-s) or yi: 129119 24978
totalizer -o^(m-s) or yi: 129231 24979
totalizer -o^(m-s) or yi: 129343 24980
totalizer -o^(m-s) or yi: 129455 24981
totalizer -o^(m-s) or yi: 129567 24982
totalizer -o^(m-s) or yi: 129679 24983
totalizer -o^(m-s) or yi: 129791 24984
totalizer -o^(m-s) or yi: 129903 24985
totalizer -o^(m-s) or yi: 130015 24986
totalizer -o^(m-s) or yi: 130127 24987
totalizer -o^(m-s) or yi: 130239 24988
totalizer -o^(m-s) or yi: 130351 24989
totalizer -o^(m-s) or yi: 130463 24990
totalizer -o^(m-s) or yi: 130575 24991
totalizer -o^(m-s) or yi: 130687 24992
totalizer -o^(m-s) or yi: 130799 24993
totalizer -o^(m-s) or yi: 130911 24994
totalizer -o^(m-s) or yi: 131023 24995
totalizer -o^(m-s) or yi: 131135 24996
totalizer -o^(m-s) or yi: 131247 24997
totalizer -o^(m-s) or yi: 131359 24998
totalizer -o^(m-s) or yi: 131471 24999
totalizer -o^(m-s) or yi: 131583 25000
totalizer -o^(m-s) or yi: 131695 25001
totalizer -o^(m-s) or yi: 131807 25002
totalizer -o^(m-s) or yi: 131919 25003
totalizer -o^(m-s) or yi: 132031 25004
totalizer -o^(m-s) or yi: 132143 25005
totalizer -o^(m-s) or yi: 132255 25006
totalizer -o^(m-s) or yi: 132367 25007
totalizer -o^(m-s) or yi: 132479 25008
totalizer -o^(m-s) or yi: 132591 25009
totalizer -o^(m-s) or yi: 132703 25010
totalizer -o^(m-s) or yi: 132815 25011
totalizer -o^(m-s) or yi: 132927 25012
totalizer -o^(m-s) or yi: 133039 25013
totalizer -o^(m-s) or yi: 133151 25014
totalizer -o^(m-s) or yi: 133263 25015
totalizer -o^(m-s) or yi: 133375 25016
totalizer -o^(m-s) or yi: 133487 25017
totalizer -o^(m-s) or yi: 133599 25018
totalizer -o^(m-s) or yi: 133711 25019
totalizer -o^(m-s) or yi: 133823 25020
totalizer -o^(m-s) or yi: 133935 25021
totalizer -o^(m-s) or yi: 134047 25022
totalizer -o^(m-s) or yi: 134159 25023
totalizer -o^(m-s) or yi: 134271 25024
totalizer -o^(m-s) or yi: 134383 25025
totalizer -o^(m-s) or yi: 134495 25026
totalizer -o^(m-s) or yi: 134607 25027
totalizer -o^(m-s) or yi: 134719 25028
totalizer -o^(m-s) or yi: 134831 25029
totalizer -o^(m-s) or yi: 134943 25030
totalizer -o^(m-s) or yi: 135055 25031
totalizer -o^(m-s) or yi: 135167 25032
totalizer -o^(m-s) or yi: 135279 25033
totalizer -o^(m-s) or yi: 135391 25034
totalizer -o^(m-s) or yi: 135503 25035
totalizer -o^(m-s) or yi: 135615 25036
totalizer -o^(m-s) or yi: 135727 25037
totalizer -o^(m-s) or yi: 135839 25038
totalizer -o^(m-s) or yi: 135951 25039
totalizer -o^(m-s) or yi: 136063 25040
totalizer -o^(m-s) or yi: 136175 25041
totalizer -o^(m-s) or yi: 136287 25042
totalizer -o^(m-s) or yi: 136399 25043
totalizer -o^(m-s) or yi: 136511 25044
totalizer -o^(m-s) or yi: 136623 25045
totalizer -o^(m-s) or yi: 136735 25046
totalizer -o^(m-s) or yi: 136847 25047
totalizer -o^(m-s) or yi: 136959 25048
c ERROR incorrect model reported
c model cost = 0 computed cost = 97(UB = 96.926200 basecost = 0) difference = -97
c SAT: #calls 1
c SAT: Total time 0.0107
c SAT: #muser calls 0 (0.0000 % successful)
c SAT: Minimize time 0.0000 (0.0000%)
c SAT: Avg constraint minimization 0.0000
c SAT: number of variables substituted 0
c SAT: number of cores extracted 0, of average lenght 0.000000
c GREEDY: #calls 0
c GREEDY: Total time 0.0000
c CPLEX: #calls 1
c CPLEX: Total time 0.0167
c CPLEX: #constraints 48024
c CPLEX: Avg constraint size 2.4988
c CPLEX: #non-core constraints 0
c CPLEX: population time 0.0000
c LP-Bounds: Total time 0.0000
c LP-Bounds: #calls 0
c LP-Bounds: Forced 0 variables
c MEM MB: 174.0000
c CPU: 0.2358
