c MaxHS 4.0.0
c Instance: ../../UndercoverBMF/rndData/rnd100_1.csv
c Parameter Settings
c ============================================
c  A: General MaxHS Options
c   fbeq = false, printOptions = true, printBstSoln = false, printSoln = false,
c   printSoln-new-format = true, version = false, abstract-cores2greedy = false, tolerance = 1e-06,
c   mem-lim = 2147483647, coretype = 0, cpu-lim = 2147483647, verb = 0,
c   sverb = 0,
c 
c  B: MaxHS with abstractions Options
c   abstract = true, 1st-abstract-gap = 5, abstract-gap = 1, exhaust-cpu-lim = 3,
c   abs-cpu = 256, abstract-max-ave-size = 100, abstract-max_core_size = 1000, abstract-min-cores = 2,
c   cplex-greedy = 0, abstract-greedy_cores = 2, abstract-cplex_cores = 2, abstract-minsize = 2,
c  
c  C: Disjoint Phase Options
c   dsjnt = true, dsjnt-cpu-lim = 30, dsjnt-mus-cpu-lim = 10,
c 
c  D: Seeding Options
c   seed-learnts = true, all-seeded_2nd_abs_cpu = 240, all-seeded-1st-abs-cpu = 60, all-seeded-1st-cplex-cpu = 100,
c   seed_cpu_before_cplex = 200, seed-all-limit = 512, seed-max = 524288, seedtype = 3,
c  
c  E: Sequence of Sat Options
c   lp-harden = true, find-forced = false, improve-model = false, use-ub-mipstart = true,
c   optcores-cpu-lim = 10, max-cpu-improve-model = 10, max-cpu-before-cplex = 200, relaxfrac = 0.3,
c   max-size-improve-model = -1, sort-assumps = 0, max-cores-before-cplex = 300, frac-rampup-end = 512,
c   frac-rampup-start = 128, abstract-assumps = 1, nonopt = 3,
c 
c  F: Core Minimization Options
c   mus-min-red = 0.1, mus-cpu-lim = 2.5, mintype = 1, mverb = 0,
c  
c  G: CPLEX Options
c   cplex-tune = false, cplex-min-ticks = 4, cplex-threads = 1,
c 
c  H: CPLEX Solution Pool and Populate Options
c   cplextime-pop-cpu-lim = 7.5, ub-conflicts = 1, cplex-solnpool-cap = 256, cplex-pop-nsoln = 256,
c   cplex-populate = 1,
c 
c  I: Preprocessing Options
c   wcnf-harden = true, simplify-only = false, mx-seed-mxes = true, mx-constrain-hs = true,
c   preprocess = true, wcnf-eqs = true, wcnf-units = true, mx-cpu-lim = 15,
c   mx-find-mxes = 2, mx-mem-lim = 1536,
c 
c  J: Debugging Options
c   cplex-output = false, cplex-wrt-model = false, cplex-data-chk = true,
c 
c  U: full MIP solution as asumptions to SAT-solver Options
c   full_assm = 0,
c 
c  V: k-undercover BMF Options
c   k-undercover = 7,
c 
c  W: BMF symmetry breaking Options
c   sym-break = 1,
c 
c  X: BMF cardinality generation 1= in SAT, 2= in cplex Options
c   card-gen = 2,
c 
c  Y: implication constraint both directions Options
c   bmf_eq = 0,
c 
c  Z: degree of information in SAT, default 0 Options
c   inform_sat = 1,
c 
c  ZZ: split the solution from cplex into two groups based on objective function. Extract cores twice with different assumtions respectivelly, default 0 Options
c   split_sol = 2
c ============================================
c
Building totalizer over 10 literals
Totalizer stats: #clauses=79; #vars=34
Building totalizer over 10 literals
Totalizer stats: #clauses=79; #vars=34
Building totalizer over 10 literals
Totalizer stats: #clauses=79; #vars=34
Building totalizer over 9 literals
Totalizer stats: #clauses=65; #vars=29
Building totalizer over 10 literals
Totalizer stats: #clauses=79; #vars=34
Building totalizer over 10 literals
Totalizer stats: #clauses=79; #vars=34
Building totalizer over 9 literals
Totalizer stats: #clauses=65; #vars=29
Building totalizer over 10 literals
Totalizer stats: #clauses=79; #vars=34
Building totalizer over 10 literals
Totalizer stats: #clauses=79; #vars=34
Building totalizer over 10 literals
Totalizer stats: #clauses=79; #vars=34
Building totalizer over 10 literals
Totalizer stats: #clauses=79; #vars=34
Building totalizer over 10 literals
Totalizer stats: #clauses=79; #vars=34
Building totalizer over 10 literals
Totalizer stats: #clauses=79; #vars=34
Building totalizer over 10 literals
Totalizer stats: #clauses=79; #vars=34
Building totalizer over 10 literals
Totalizer stats: #clauses=79; #vars=34
Building totalizer over 10 literals
Totalizer stats: #clauses=79; #vars=34
Building totalizer over 10 literals
Totalizer stats: #clauses=79; #vars=34
Building totalizer over 10 literals
Totalizer stats: #clauses=79; #vars=34
Building totalizer over 10 literals
Totalizer stats: #clauses=79; #vars=34
Building totalizer over 10 literals
Totalizer stats: #clauses=79; #vars=34
Building totalizer over 10 literals
Totalizer stats: #clauses=79; #vars=34
Building totalizer over 10 literals
Totalizer stats: #clauses=79; #vars=34
Building totalizer over 9 literals
Totalizer stats: #clauses=65; #vars=29
Building totalizer over 10 literals
Totalizer stats: #clauses=79; #vars=34
Building totalizer over 10 literals
Totalizer stats: #clauses=79; #vars=34
Building totalizer over 10 literals
Totalizer stats: #clauses=79; #vars=34
Building totalizer over 10 literals
Totalizer stats: #clauses=79; #vars=34
Building totalizer over 9 literals
Totalizer stats: #clauses=65; #vars=29
Building totalizer over 10 literals
Totalizer stats: #clauses=79; #vars=34
Building totalizer over 9 literals
Totalizer stats: #clauses=65; #vars=29
Building totalizer over 10 literals
Totalizer stats: #clauses=79; #vars=34
Building totalizer over 10 literals
Totalizer stats: #clauses=79; #vars=34
Building totalizer over 9 literals
Totalizer stats: #clauses=65; #vars=29
Building totalizer over 9 literals
Totalizer stats: #clauses=65; #vars=29
Building totalizer over 9 literals
Totalizer stats: #clauses=65; #vars=29
Building totalizer over 10 literals
Totalizer stats: #clauses=79; #vars=34
Building totalizer over 10 literals
Totalizer stats: #clauses=79; #vars=34
Building totalizer over 10 literals
Totalizer stats: #clauses=79; #vars=34
Building totalizer over 10 literals
Totalizer stats: #clauses=79; #vars=34
Building totalizer over 10 literals
Totalizer stats: #clauses=79; #vars=34
Building totalizer over 10 literals
Totalizer stats: #clauses=79; #vars=34
Building totalizer over 9 literals
Totalizer stats: #clauses=65; #vars=29
Building totalizer over 8 literals
Totalizer stats: #clauses=52; #vars=24
Building totalizer over 10 literals
Totalizer stats: #clauses=79; #vars=34
Building totalizer over 10 literals
Totalizer stats: #clauses=79; #vars=34
Building totalizer over 9 literals
Totalizer stats: #clauses=65; #vars=29
Building totalizer over 8 literals
Totalizer stats: #clauses=52; #vars=24
Building totalizer over 10 literals
Totalizer stats: #clauses=79; #vars=34
Building totalizer over 8 literals
Totalizer stats: #clauses=52; #vars=24
Building totalizer over 9 literals
Totalizer stats: #clauses=65; #vars=29
Building totalizer over 9 literals
Totalizer stats: #clauses=65; #vars=29
Building totalizer over 9 literals
Totalizer stats: #clauses=65; #vars=29
Building totalizer over 9 literals
Totalizer stats: #clauses=65; #vars=29
Building totalizer over 8 literals
Totalizer stats: #clauses=52; #vars=24
Building totalizer over 8 literals
Totalizer stats: #clauses=52; #vars=24
Building totalizer over 9 literals
Totalizer stats: #clauses=65; #vars=29
Building totalizer over 8 literals
Totalizer stats: #clauses=52; #vars=24
Building totalizer over 8 literals
Totalizer stats: #clauses=52; #vars=24
Building totalizer over 9 literals
Totalizer stats: #clauses=65; #vars=29
Building totalizer over 9 literals
Totalizer stats: #clauses=65; #vars=29
Building totalizer over 8 literals
Totalizer stats: #clauses=52; #vars=24
Building totalizer over 8 literals
Totalizer stats: #clauses=52; #vars=24
Building totalizer over 8 literals
Totalizer stats: #clauses=52; #vars=24
Building totalizer over 9 literals
Totalizer stats: #clauses=65; #vars=29
Building totalizer over 9 literals
Totalizer stats: #clauses=65; #vars=29
Building totalizer over 8 literals
Totalizer stats: #clauses=52; #vars=24
Building totalizer over 8 literals
Totalizer stats: #clauses=52; #vars=24
Building totalizer over 9 literals
Totalizer stats: #clauses=65; #vars=29
Building totalizer over 8 literals
Totalizer stats: #clauses=52; #vars=24
Building totalizer over 8 literals
Totalizer stats: #clauses=52; #vars=24
Building totalizer over 8 literals
Totalizer stats: #clauses=52; #vars=24
Building totalizer over 8 literals
Totalizer stats: #clauses=52; #vars=24
amount of card constraints: 72
Remaining compatible ones 292
Building totalizer over 292 literals
Totalizer stats: #clauses=44894; #vars=2408
c Instance: ../../UndercoverBMF/rndData/rnd100_1.csv
c Dimacs Vars: 77557
c Dimacs Clauses: 122947
c Dimacs Top: 960
c HARD: #Clauses = 122954, Total Lits = 299904, Ave Len = 2.4392 #units = 7
c SOFT: #Clauses = 0, Total Lits = 0, Ave Len = 0.0000
c Total Soft Clause Weight (+ basecost): 0 (+ 0)
c SOFT%: 0.0000%
c #distinct weights: 0, mean = 0.0000, std. dev = 0.0000, min = 0, max = 0
c Total Clauses: 122954
c Parse time: 0.028536
c Wcnf Space Required: 1.0000MB
c ================================
amount of vars for obj func 796
c Using IBM CPLEX version 22.1.1.0 under IBM's Academic Initiative licencing program
c Cplex solve passed UB = 192.000000 current LB = 0.000000
Cplex found standard solution OPTIMAL
c Cplex solve passed UB = 190.000000 current LB = 12.000000
Cplex found standard solution OPTIMAL
c Cplex solve passed UB = 190.000000 current LB = 12.000000
Cplex found standard solution OPTIMAL
c Cplex solve passed UB = 190.000000 current LB = 12.000000
Cplex found standard solution OPTIMAL
c Cplex solve passed UB = 190.000000 current LB = 12.000000
c Cplex solve passed UB = 190.000000 current LB = 12.000000
c Cplex solve passed UB = 190.000000 current LB = 12.000000
Cplex found standard solution OPTIMAL
c Cplex solve passed UB = 190.000000 current LB = 13.000000
Cplex found standard solution OPTIMAL
c Cplex solve passed UB = 190.000000 current LB = 13.000000
c Cplex solve passed UB = 190.000000 current LB = 13.000000
c Cplex solve passed UB = 190.000000 current LB = 13.000000
c Cplex solve passed UB = 190.000000 current LB = 13.000000
c INTERRUPTED signal 2
c unsolved
c Best LB Found: 177
c Best UB Found: 190
o 190
s UNKNOWN
amount of card constraints: 0
Remaining compatible ones 960
Building totalizer over 960 literals
Totalizer stats: #clauses=469856; #vars=9536
c ERROR WCNF. Model does not satisfy the hards
c violated hard = [-72350, 75249, ]
c ERROR incorrect model reported
c model cost = -1 computed cost = 190(UB = 190.000000 basecost = 0) difference = -191
c SAT: #calls 11371
c SAT: Total time 926.7870
c SAT: #muser calls 532 (82.1429 % successful)
c SAT: Minimize time 161.7461 (17.4523%)
c SAT: Avg constraint minimization 0.4415
c SAT: number of variables substituted 0
c SAT: number of cores extracted 3312, of average lenght 2.314010
c GREEDY: #calls 11
c GREEDY: Total time 0.0053
c CPLEX: #calls 12
c CPLEX: Total time 0.1386
c CPLEX: #constraints 4344
c CPLEX: Avg constraint size 3.6860
c CPLEX: cores with objective values 78
c CPLEX: Avg number of objective value per core containing 13.7308
c CPLEX: #non-core constraints 960
c CPLEX: Ave non-core size 8.0000
c CPLEX: population time 0.0000
c LP-Bounds: Total time 0.0335
c LP-Bounds: #calls 12
c LP-Bounds: Forced 0 variables
c MEM MB: 183.0000
c CPU: 766.5063
