/proj/anastasd/hybrid-encoding/build/bmf_hybrid_t-cards;-verb=0 -k-undercover=1  -card-gen=3  -bmf_eq=0 -full_assm=1 -inform_sat=1 -split_sol=1;hybrid-onewayfull-1
/proj/anastasd/hybrid-encoding/build/bmf_hybrid_t-cards;-verb=0 -k-undercover=2  -card-gen=3  -bmf_eq=0 -full_assm=1 -inform_sat=1 -split_sol=1;hybrid-onewayfull-2
/proj/anastasd/hybrid-encoding/build/bmf_hybrid_t-cards;-verb=0 -k-undercover=3  -card-gen=3  -bmf_eq=0 -full_assm=1 -inform_sat=1 -split_sol=1;hybrid-onewayfull-3
/proj/anastasd/hybrid-encoding/build/bmf_hybrid_t-cards;-verb=0 -k-undercover=4  -card-gen=3  -bmf_eq=0 -full_assm=1 -inform_sat=1 -split_sol=1;hybrid-onewayfull-4
/proj/anastasd/hybrid-encoding/build/bmf_hybrid_t-cards;-verb=0 -k-undercover=5  -card-gen=3  -bmf_eq=0 -full_assm=1 -inform_sat=1 -split_sol=1;hybrid-onewayfull-5
/proj/anastasd/hybrid-encoding/build/bmf_hybrid_t-cards;-verb=0 -k-undercover=6  -card-gen=3  -bmf_eq=0 -full_assm=1 -inform_sat=1 -split_sol=1;hybrid-onewayfull-6
/proj/anastasd/hybrid-encoding/build/bmf_hybrid_t-cards;-verb=0 -k-undercover=7  -card-gen=3  -bmf_eq=0 -full_assm=1 -inform_sat=1 -split_sol=1;hybrid-onewayfull-7
/proj/anastasd/hybrid-encoding/build/bmf_hybrid_t-cards;-verb=0 -k-undercover=8  -card-gen=3  -bmf_eq=0 -full_assm=1 -inform_sat=1 -split_sol=1;hybrid-onewayfull-8
/proj/anastasd/hybrid-encoding/build/bmf_hybrid_t-cards;-verb=0 -k-undercover=9  -card-gen=3  -bmf_eq=0 -full_assm=1 -inform_sat=1 -split_sol=1;hybrid-onewayfull-9
/proj/anastasd/hybrid-encoding/build/bmf_hybrid_t-cards;-verb=0 -k-undercover=10 -card-gen=3  -bmf_eq=0 -full_assm=1 -inform_sat=1 -split_sol=1;hybrid-onewayfull-10
/proj/anastasd/hybrid-encoding/build/bmf_hybrid_t-cards;-verb=0 -k-undercover=1  -card-gen=3  -bmf_eq=1 -full_assm=1 -inform_sat=1 -split_sol=1;hybrid-twowayfull-1
/proj/anastasd/hybrid-encoding/build/bmf_hybrid_t-cards;-verb=0 -k-undercover=2  -card-gen=3  -bmf_eq=1 -full_assm=1 -inform_sat=1 -split_sol=1;hybrid-twowayfull-2
/proj/anastasd/hybrid-encoding/build/bmf_hybrid_t-cards;-verb=0 -k-undercover=3  -card-gen=3  -bmf_eq=1 -full_assm=1 -inform_sat=1 -split_sol=1;hybrid-twowayfull-3
/proj/anastasd/hybrid-encoding/build/bmf_hybrid_t-cards;-verb=0 -k-undercover=4  -card-gen=3  -bmf_eq=1 -full_assm=1 -inform_sat=1 -split_sol=1;hybrid-twowayfull-4
/proj/anastasd/hybrid-encoding/build/bmf_hybrid_t-cards;-verb=0 -k-undercover=5  -card-gen=3  -bmf_eq=1 -full_assm=1 -inform_sat=1 -split_sol=1;hybrid-twowayfull-5
/proj/anastasd/hybrid-encoding/build/bmf_hybrid_t-cards;-verb=0 -k-undercover=6  -card-gen=3  -bmf_eq=1 -full_assm=1 -inform_sat=1 -split_sol=1;hybrid-twowayfull-6
/proj/anastasd/hybrid-encoding/build/bmf_hybrid_t-cards;-verb=0 -k-undercover=7  -card-gen=3  -bmf_eq=1 -full_assm=1 -inform_sat=1 -split_sol=1;hybrid-twowayfull-7
/proj/anastasd/hybrid-encoding/build/bmf_hybrid_t-cards;-verb=0 -k-undercover=8  -card-gen=3  -bmf_eq=1 -full_assm=1 -inform_sat=1 -split_sol=1;hybrid-twowayfull-8
/proj/anastasd/hybrid-encoding/build/bmf_hybrid_t-cards;-verb=0 -k-undercover=9  -card-gen=3  -bmf_eq=1 -full_assm=1 -inform_sat=1 -split_sol=1;hybrid-twowayfull-9
/proj/anastasd/hybrid-encoding/build/bmf_hybrid_t-cards;-verb=0 -k-undercover=10 -card-gen=3  -bmf_eq=1 -full_assm=1 -inform_sat=1 -split_sol=1;hybrid-twowayfull-10
/proj/anastasd/hybrid-encoding/build/bmf_hybrid_t-cards;-verb=0 -k-undercover=1  -card-gen=3  -bmf_eq=0 -full_assm=0 -inform_sat=1 -split_sol=1;hybrid-oneway-1
/proj/anastasd/hybrid-encoding/build/bmf_hybrid_t-cards;-verb=0 -k-undercover=2  -card-gen=3  -bmf_eq=0 -full_assm=0 -inform_sat=1 -split_sol=1;hybrid-oneway-2
/proj/anastasd/hybrid-encoding/build/bmf_hybrid_t-cards;-verb=0 -k-undercover=3  -card-gen=3  -bmf_eq=0 -full_assm=0 -inform_sat=1 -split_sol=1;hybrid-oneway-3
/proj/anastasd/hybrid-encoding/build/bmf_hybrid_t-cards;-verb=0 -k-undercover=4  -card-gen=3  -bmf_eq=0 -full_assm=0 -inform_sat=1 -split_sol=1;hybrid-oneway-4
/proj/anastasd/hybrid-encoding/build/bmf_hybrid_t-cards;-verb=0 -k-undercover=5  -card-gen=3  -bmf_eq=0 -full_assm=0 -inform_sat=1 -split_sol=1;hybrid-oneway-5
/proj/anastasd/hybrid-encoding/build/bmf_hybrid_t-cards;-verb=0 -k-undercover=6  -card-gen=3  -bmf_eq=0 -full_assm=0 -inform_sat=1 -split_sol=1;hybrid-oneway-6
/proj/anastasd/hybrid-encoding/build/bmf_hybrid_t-cards;-verb=0 -k-undercover=7  -card-gen=3  -bmf_eq=0 -full_assm=0 -inform_sat=1 -split_sol=1;hybrid-oneway-7
/proj/anastasd/hybrid-encoding/build/bmf_hybrid_t-cards;-verb=0 -k-undercover=8  -card-gen=3  -bmf_eq=0 -full_assm=0 -inform_sat=1 -split_sol=1;hybrid-oneway-8
/proj/anastasd/hybrid-encoding/build/bmf_hybrid_t-cards;-verb=0 -k-undercover=9  -card-gen=3  -bmf_eq=0 -full_assm=0 -inform_sat=1 -split_sol=1;hybrid-oneway-9
/proj/anastasd/hybrid-encoding/build/bmf_hybrid_t-cards;-verb=0 -k-undercover=10 -card-gen=3  -bmf_eq=0 -full_assm=0 -inform_sat=1 -split_sol=1;hybrid-oneway-10
/proj/anastasd/hybrid-encoding/build/bmf_hybrid_t-cards;-verb=0 -k-undercover=1  -card-gen=3  -bmf_eq=0 -full_assm=1 -inform_sat=1 -split_sol=1 -dsjnt;hybrid-dsjnt-onewayfull-1
/proj/anastasd/hybrid-encoding/build/bmf_hybrid_t-cards;-verb=0 -k-undercover=2  -card-gen=3  -bmf_eq=0 -full_assm=1 -inform_sat=1 -split_sol=1 -dsjnt;hybrid-dsjnt-onewayfull-2
/proj/anastasd/hybrid-encoding/build/bmf_hybrid_t-cards;-verb=0 -k-undercover=3  -card-gen=3  -bmf_eq=0 -full_assm=1 -inform_sat=1 -split_sol=1 -dsjnt;hybrid-dsjnt-onewayfull-3
/proj/anastasd/hybrid-encoding/build/bmf_hybrid_t-cards;-verb=0 -k-undercover=4  -card-gen=3  -bmf_eq=0 -full_assm=1 -inform_sat=1 -split_sol=1 -dsjnt;hybrid-dsjnt-onewayfull-4
/proj/anastasd/hybrid-encoding/build/bmf_hybrid_t-cards;-verb=0 -k-undercover=5  -card-gen=3  -bmf_eq=0 -full_assm=1 -inform_sat=1 -split_sol=1 -dsjnt;hybrid-dsjnt-onewayfull-5
/proj/anastasd/hybrid-encoding/build/bmf_hybrid_t-cards;-verb=0 -k-undercover=6  -card-gen=3  -bmf_eq=0 -full_assm=1 -inform_sat=1 -split_sol=1 -dsjnt;hybrid-dsjnt-onewayfull-6
/proj/anastasd/hybrid-encoding/build/bmf_hybrid_t-cards;-verb=0 -k-undercover=7  -card-gen=3  -bmf_eq=0 -full_assm=1 -inform_sat=1 -split_sol=1 -dsjnt;hybrid-dsjnt-onewayfull-7
/proj/anastasd/hybrid-encoding/build/bmf_hybrid_t-cards;-verb=0 -k-undercover=8  -card-gen=3  -bmf_eq=0 -full_assm=1 -inform_sat=1 -split_sol=1 -dsjnt;hybrid-dsjnt-onewayfull-8
/proj/anastasd/hybrid-encoding/build/bmf_hybrid_t-cards;-verb=0 -k-undercover=9  -card-gen=3  -bmf_eq=0 -full_assm=1 -inform_sat=1 -split_sol=1 -dsjnt;hybrid-dsjnt-onewayfull-9
/proj/anastasd/hybrid-encoding/build/bmf_hybrid_t-cards;-verb=0 -k-undercover=10 -card-gen=3  -bmf_eq=0 -full_assm=1 -inform_sat=1 -split_sol=1 -dsjnt;hybrid-dsjnt-onewayfull-10
/proj/anastasd/hybrid-encoding/build/bmf_hybrid_t-cards;-verb=0 -k-undercover=1  -card-gen=3  -bmf_eq=1 -full_assm=1 -inform_sat=1 -split_sol=1 -dsjnt;hybrid-dsjnt-twowayfull-1
/proj/anastasd/hybrid-encoding/build/bmf_hybrid_t-cards;-verb=0 -k-undercover=2  -card-gen=3  -bmf_eq=1 -full_assm=1 -inform_sat=1 -split_sol=1 -dsjnt;hybrid-dsjnt-twowayfull-2
/proj/anastasd/hybrid-encoding/build/bmf_hybrid_t-cards;-verb=0 -k-undercover=3  -card-gen=3  -bmf_eq=1 -full_assm=1 -inform_sat=1 -split_sol=1 -dsjnt;hybrid-dsjnt-twowayfull-3
/proj/anastasd/hybrid-encoding/build/bmf_hybrid_t-cards;-verb=0 -k-undercover=4  -card-gen=3  -bmf_eq=1 -full_assm=1 -inform_sat=1 -split_sol=1 -dsjnt;hybrid-dsjnt-twowayfull-4
/proj/anastasd/hybrid-encoding/build/bmf_hybrid_t-cards;-verb=0 -k-undercover=5  -card-gen=3  -bmf_eq=1 -full_assm=1 -inform_sat=1 -split_sol=1 -dsjnt;hybrid-dsjnt-twowayfull-5
/proj/anastasd/hybrid-encoding/build/bmf_hybrid_t-cards;-verb=0 -k-undercover=6  -card-gen=3  -bmf_eq=1 -full_assm=1 -inform_sat=1 -split_sol=1 -dsjnt;hybrid-dsjnt-twowayfull-6
/proj/anastasd/hybrid-encoding/build/bmf_hybrid_t-cards;-verb=0 -k-undercover=7  -card-gen=3  -bmf_eq=1 -full_assm=1 -inform_sat=1 -split_sol=1 -dsjnt;hybrid-dsjnt-twowayfull-7
/proj/anastasd/hybrid-encoding/build/bmf_hybrid_t-cards;-verb=0 -k-undercover=8  -card-gen=3  -bmf_eq=1 -full_assm=1 -inform_sat=1 -split_sol=1 -dsjnt;hybrid-dsjnt-twowayfull-8
/proj/anastasd/hybrid-encoding/build/bmf_hybrid_t-cards;-verb=0 -k-undercover=9  -card-gen=3  -bmf_eq=1 -full_assm=1 -inform_sat=1 -split_sol=1 -dsjnt;hybrid-dsjnt-twowayfull-9
/proj/anastasd/hybrid-encoding/build/bmf_hybrid_t-cards;-verb=0 -k-undercover=10 -card-gen=3  -bmf_eq=1 -full_assm=1 -inform_sat=1 -split_sol=1 -dsjnt;hybrid-dsjnt-twowayfull-10
/proj/anastasd/hybrid-encoding/build/bmf_hybrid_t-cards;-verb=0 -k-undercover=1  -card-gen=3  -bmf_eq=0 -full_assm=0 -inform_sat=1 -split_sol=1 -dsjnt;hybrid-dsjnt-oneway-1
/proj/anastasd/hybrid-encoding/build/bmf_hybrid_t-cards;-verb=0 -k-undercover=2  -card-gen=3  -bmf_eq=0 -full_assm=0 -inform_sat=1 -split_sol=1 -dsjnt;hybrid-dsjnt-oneway-2
/proj/anastasd/hybrid-encoding/build/bmf_hybrid_t-cards;-verb=0 -k-undercover=3  -card-gen=3  -bmf_eq=0 -full_assm=0 -inform_sat=1 -split_sol=1 -dsjnt;hybrid-dsjnt-oneway-3
/proj/anastasd/hybrid-encoding/build/bmf_hybrid_t-cards;-verb=0 -k-undercover=4  -card-gen=3  -bmf_eq=0 -full_assm=0 -inform_sat=1 -split_sol=1 -dsjnt;hybrid-dsjnt-oneway-4
/proj/anastasd/hybrid-encoding/build/bmf_hybrid_t-cards;-verb=0 -k-undercover=5  -card-gen=3  -bmf_eq=0 -full_assm=0 -inform_sat=1 -split_sol=1 -dsjnt;hybrid-dsjnt-oneway-5
/proj/anastasd/hybrid-encoding/build/bmf_hybrid_t-cards;-verb=0 -k-undercover=6  -card-gen=3  -bmf_eq=0 -full_assm=0 -inform_sat=1 -split_sol=1 -dsjnt;hybrid-dsjnt-oneway-6
/proj/anastasd/hybrid-encoding/build/bmf_hybrid_t-cards;-verb=0 -k-undercover=7  -card-gen=3  -bmf_eq=0 -full_assm=0 -inform_sat=1 -split_sol=1 -dsjnt;hybrid-dsjnt-oneway-7
/proj/anastasd/hybrid-encoding/build/bmf_hybrid_t-cards;-verb=0 -k-undercover=8  -card-gen=3  -bmf_eq=0 -full_assm=0 -inform_sat=1 -split_sol=1 -dsjnt;hybrid-dsjnt-oneway-8
/proj/anastasd/hybrid-encoding/build/bmf_hybrid_t-cards;-verb=0 -k-undercover=9  -card-gen=3  -bmf_eq=0 -full_assm=0 -inform_sat=1 -split_sol=1 -dsjnt;hybrid-dsjnt-oneway-9
/proj/anastasd/hybrid-encoding/build/bmf_hybrid_t-cards;-verb=0 -k-undercover=10 -card-gen=3  -bmf_eq=0 -full_assm=0 -inform_sat=1 -split_sol=1 -dsjnt;hybrid-dsjnt-oneway-10