/proj/anastasd/hybrid-encoding/build/hybrid-bmf-latest;-verb=0 -k-undercover=1  -card-gen=3  -bmf_eq=0 -full_assm=1 -inform_sat=1 -dsjnt;hybrid-noSlit-onewayfull-1
/proj/anastasd/hybrid-encoding/build/hybrid-bmf-latest;-verb=0 -k-undercover=2  -card-gen=3  -bmf_eq=0 -full_assm=1 -inform_sat=1 -dsjnt;hybrid-noSlit-onewayfull-2
/proj/anastasd/hybrid-encoding/build/hybrid-bmf-latest;-verb=0 -k-undercover=3  -card-gen=3  -bmf_eq=0 -full_assm=1 -inform_sat=1 -dsjnt;hybrid-noSlit-onewayfull-3
/proj/anastasd/hybrid-encoding/build/hybrid-bmf-latest;-verb=0 -k-undercover=4  -card-gen=3  -bmf_eq=0 -full_assm=1 -inform_sat=1 -dsjnt;hybrid-noSlit-onewayfull-4
/proj/anastasd/hybrid-encoding/build/hybrid-bmf-latest;-verb=0 -k-undercover=5  -card-gen=3  -bmf_eq=0 -full_assm=1 -inform_sat=1 -dsjnt;hybrid-noSlit-onewayfull-5
/proj/anastasd/hybrid-encoding/build/hybrid-bmf-latest;-verb=0 -k-undercover=6  -card-gen=3  -bmf_eq=0 -full_assm=1 -inform_sat=1 -dsjnt;hybrid-noSlit-onewayfull-6
/proj/anastasd/hybrid-encoding/build/hybrid-bmf-latest;-verb=0 -k-undercover=7  -card-gen=3  -bmf_eq=0 -full_assm=1 -inform_sat=1 -dsjnt;hybrid-noSlit-onewayfull-7
/proj/anastasd/hybrid-encoding/build/hybrid-bmf-latest;-verb=0 -k-undercover=8  -card-gen=3  -bmf_eq=0 -full_assm=1 -inform_sat=1 -dsjnt;hybrid-noSlit-onewayfull-8
/proj/anastasd/hybrid-encoding/build/hybrid-bmf-latest;-verb=0 -k-undercover=9  -card-gen=3  -bmf_eq=0 -full_assm=1 -inform_sat=1 -dsjnt;hybrid-noSlit-onewayfull-9
/proj/anastasd/hybrid-encoding/build/hybrid-bmf-latest;-verb=0 -k-undercover=10 -card-gen=3  -bmf_eq=0 -full_assm=1 -inform_sat=1 -dsjnt;hybrid-noSlit-onewayfull-10
/proj/anastasd/hybrid-encoding/build/hybrid-bmf-latest;-verb=0 -k-undercover=1  -card-gen=3  -bmf_eq=1 -full_assm=1 -inform_sat=1 -dsjnt;hybrid-noSlit-twowayfull-1
/proj/anastasd/hybrid-encoding/build/hybrid-bmf-latest;-verb=0 -k-undercover=2  -card-gen=3  -bmf_eq=1 -full_assm=1 -inform_sat=1 -dsjnt;hybrid-noSlit-twowayfull-2
/proj/anastasd/hybrid-encoding/build/hybrid-bmf-latest;-verb=0 -k-undercover=3  -card-gen=3  -bmf_eq=1 -full_assm=1 -inform_sat=1 -dsjnt;hybrid-noSlit-twowayfull-3
/proj/anastasd/hybrid-encoding/build/hybrid-bmf-latest;-verb=0 -k-undercover=4  -card-gen=3  -bmf_eq=1 -full_assm=1 -inform_sat=1 -dsjnt;hybrid-noSlit-twowayfull-4
/proj/anastasd/hybrid-encoding/build/hybrid-bmf-latest;-verb=0 -k-undercover=5  -card-gen=3  -bmf_eq=1 -full_assm=1 -inform_sat=1 -dsjnt;hybrid-noSlit-twowayfull-5
/proj/anastasd/hybrid-encoding/build/hybrid-bmf-latest;-verb=0 -k-undercover=6  -card-gen=3  -bmf_eq=1 -full_assm=1 -inform_sat=1 -dsjnt;hybrid-noSlit-twowayfull-6
/proj/anastasd/hybrid-encoding/build/hybrid-bmf-latest;-verb=0 -k-undercover=7  -card-gen=3  -bmf_eq=1 -full_assm=1 -inform_sat=1 -dsjnt;hybrid-noSlit-twowayfull-7
/proj/anastasd/hybrid-encoding/build/hybrid-bmf-latest;-verb=0 -k-undercover=8  -card-gen=3  -bmf_eq=1 -full_assm=1 -inform_sat=1 -dsjnt;hybrid-noSlit-twowayfull-8
/proj/anastasd/hybrid-encoding/build/hybrid-bmf-latest;-verb=0 -k-undercover=9  -card-gen=3  -bmf_eq=1 -full_assm=1 -inform_sat=1 -dsjnt;hybrid-noSlit-twowayfull-9
/proj/anastasd/hybrid-encoding/build/hybrid-bmf-latest;-verb=0 -k-undercover=10 -card-gen=3  -bmf_eq=1 -full_assm=1 -inform_sat=1 -dsjnt;hybrid-noSlit-twowayfull-10
/proj/anastasd/hybrid-encoding/build/hybrid-bmf-latest;-verb=0 -k-undercover=1  -card-gen=3  -bmf_eq=0 -full_assm=0 -inform_sat=1 -dsjnt;hybrid-noSlit-oneway-1
/proj/anastasd/hybrid-encoding/build/hybrid-bmf-latest;-verb=0 -k-undercover=2  -card-gen=3  -bmf_eq=0 -full_assm=0 -inform_sat=1 -dsjnt;hybrid-noSlit-oneway-2
/proj/anastasd/hybrid-encoding/build/hybrid-bmf-latest;-verb=0 -k-undercover=3  -card-gen=3  -bmf_eq=0 -full_assm=0 -inform_sat=1 -dsjnt;hybrid-noSlit-oneway-3
/proj/anastasd/hybrid-encoding/build/hybrid-bmf-latest;-verb=0 -k-undercover=4  -card-gen=3  -bmf_eq=0 -full_assm=0 -inform_sat=1 -dsjnt;hybrid-noSlit-oneway-4
/proj/anastasd/hybrid-encoding/build/hybrid-bmf-latest;-verb=0 -k-undercover=5  -card-gen=3  -bmf_eq=0 -full_assm=0 -inform_sat=1 -dsjnt;hybrid-noSlit-oneway-5
/proj/anastasd/hybrid-encoding/build/hybrid-bmf-latest;-verb=0 -k-undercover=6  -card-gen=3  -bmf_eq=0 -full_assm=0 -inform_sat=1 -dsjnt;hybrid-noSlit-oneway-6
/proj/anastasd/hybrid-encoding/build/hybrid-bmf-latest;-verb=0 -k-undercover=7  -card-gen=3  -bmf_eq=0 -full_assm=0 -inform_sat=1 -dsjnt;hybrid-noSlit-oneway-7
/proj/anastasd/hybrid-encoding/build/hybrid-bmf-latest;-verb=0 -k-undercover=8  -card-gen=3  -bmf_eq=0 -full_assm=0 -inform_sat=1 -dsjnt;hybrid-noSlit-oneway-8
/proj/anastasd/hybrid-encoding/build/hybrid-bmf-latest;-verb=0 -k-undercover=9  -card-gen=3  -bmf_eq=0 -full_assm=0 -inform_sat=1 -dsjnt;hybrid-noSlit-oneway-9
/proj/anastasd/hybrid-encoding/build/hybrid-bmf-latest;-verb=0 -k-undercover=10 -card-gen=3  -bmf_eq=0 -full_assm=0 -inform_sat=1 -dsjnt;hybrid-noSlit-oneway-10